scripts/kconfig/conf  --silentoldconfig Kconfig
  CHK     include/config/kernel.release
  WRAP    arch/arm/include/generated/asm/bitsperlong.h
  WRAP    arch/arm/include/generated/asm/clkdev.h
  WRAP    arch/arm/include/generated/asm/cputime.h
  WRAP    arch/arm/include/generated/asm/current.h
  CHK     include/generated/uapi/linux/version.h
  WRAP    arch/arm/include/generated/asm/early_ioremap.h
  WRAP    arch/arm/include/generated/asm/emergency-restart.h
  UPD     include/generated/uapi/linux/version.h
  WRAP    arch/arm/include/generated/asm/errno.h
  WRAP    arch/arm/include/generated/asm/exec.h
  WRAP    arch/arm/include/generated/asm/ioctl.h
  WRAP    arch/arm/include/generated/asm/ipcbuf.h
  WRAP    arch/arm/include/generated/asm/irq_regs.h
  WRAP    arch/arm/include/generated/asm/kdebug.h
  WRAP    arch/arm/include/generated/asm/local.h
  WRAP    arch/arm/include/generated/asm/local64.h
  WRAP    arch/arm/include/generated/asm/mm-arch-hooks.h
  WRAP    arch/arm/include/generated/asm/msgbuf.h
  WRAP    arch/arm/include/generated/asm/msi.h
  WRAP    arch/arm/include/generated/asm/param.h
  WRAP    arch/arm/include/generated/asm/parport.h
  WRAP    arch/arm/include/generated/asm/poll.h
  WRAP    arch/arm/include/generated/asm/preempt.h
  WRAP    arch/arm/include/generated/asm/resource.h
  WRAP    arch/arm/include/generated/asm/rwsem.h
  WRAP    arch/arm/include/generated/asm/seccomp.h
  WRAP    arch/arm/include/generated/asm/segment.h
  WRAP    arch/arm/include/generated/asm/sembuf.h
  WRAP    arch/arm/include/generated/asm/serial.h
  WRAP    arch/arm/include/generated/asm/shmbuf.h
  WRAP    arch/arm/include/generated/asm/siginfo.h
  WRAP    arch/arm/include/generated/asm/simd.h
  WRAP    arch/arm/include/generated/asm/sizes.h
  WRAP    arch/arm/include/generated/asm/socket.h
  WRAP    arch/arm/include/generated/asm/sockios.h
  WRAP    arch/arm/include/generated/asm/termbits.h
  WRAP    arch/arm/include/generated/asm/termios.h
  WRAP    arch/arm/include/generated/asm/timex.h
  WRAP    arch/arm/include/generated/asm/trace_clock.h
  HOSTCC  scripts/dtc/dtc.o
  HOSTCC  scripts/genksyms/genksyms.o
  HOSTCC  scripts/dtc/flattree.o
  SHIPPED scripts/genksyms/parse.tab.c
  SHIPPED scripts/genksyms/lex.lex.c
  SHIPPED scripts/genksyms/keywords.hash.c
  SHIPPED scripts/genksyms/parse.tab.h
  HOSTCC  scripts/genksyms/parse.tab.o
  HOSTCC  scripts/dtc/fstree.o
  HOSTCC  scripts/genksyms/lex.lex.o
  HOSTCC  scripts/dtc/data.o
  HOSTCC  scripts/dtc/livetree.o
  HOSTLD  scripts/genksyms/genksyms
  HOSTCC  scripts/dtc/treesource.o
  HOSTCC  scripts/dtc/srcpos.o
  CC      scripts/mod/empty.o
  HOSTCC  scripts/dtc/checks.o
  HOSTCC  scripts/mod/mk_elfconfig
  HOSTCC  scripts/dtc/util.o
  CC      scripts/mod/devicetable-offsets.s
  MKELF   scripts/mod/elfconfig.h
  SHIPPED scripts/dtc/dtc-lexer.lex.c
  CHK     scripts/mod/devicetable-offsets.h
  SHIPPED scripts/dtc/dtc-parser.tab.h
  SHIPPED scripts/dtc/dtc-parser.tab.c
  HOSTCC  scripts/dtc/dtc-lexer.lex.o
  UPD     scripts/mod/devicetable-offsets.h
  HOSTCC  scripts/mod/sumversion.o
  HOSTCC  scripts/mod/modpost.o
  HOSTCC  scripts/dtc/dtc-parser.tab.o
  HOSTCC  scripts/mod/file2alias.o
  HOSTLD  scripts/dtc/dtc
  HOSTCC  scripts/kallsyms
  HOSTCC  scripts/pnmtologo
  HOSTCC  scripts/conmakehash
  HOSTLD  scripts/mod/modpost
  HOSTCC  scripts/sortextable
  HOSTCC  scripts/asn1_compiler
  UPD     include/config/kernel.release
  CHK     include/generated/utsrelease.h
  UPD     include/generated/utsrelease.h
  GEN     include/generated/mach-types.h
  CHK     include/generated/timeconst.h
  CC      kernel/bounds.s
  UPD     include/generated/timeconst.h
  CHK     include/generated/bounds.h
  UPD     include/generated/bounds.h
  CC      arch/arm/kernel/asm-offsets.s
  CHK     include/generated/asm-offsets.h
  UPD     include/generated/asm-offsets.h
  CALL    scripts/checksyscalls.sh
  CHK     include/generated/compile.h
  CC      init/main.o
  HOSTCC  usr/gen_init_cpio
  UPD     include/generated/compile.h
  CC      init/do_mounts.o
  GEN     usr/initramfs_data.cpio.gz
  AS      usr/initramfs_data.o
  LD      usr/built-in.o
  CC      arch/arm/vfp/vfpmodule.o
  AS      arch/arm/vfp/entry.o
  CC      init/do_mounts_initrd.o
  AS      arch/arm/vfp/vfphw.o
  CC      arch/arm/vfp/vfpsingle.o
  CC      arch/arm/vfp/vfpdouble.o
  CC      init/initramfs.o
  LD      arch/arm/vfp/vfp.o
  LD      arch/arm/vfp/built-in.o
  CC      init/calibrate.o
  CC      arch/arm/kernel/elf.o
  LDS     arch/arm/vdso/vdso.lds
  CC      arch/arm/vdso/vgettimeofday.o
  CC      init/init_task.o
  AS      arch/arm/vdso/datapage.o
  AS      arch/arm/kernel/entry-common.o
  HOSTCC  arch/arm/vdso/vdsomunge
  CC      arch/arm/kernel/irq.o
  VDSO    arch/arm/vdso/vdso.so.raw
  MUNGE   arch/arm/vdso/vdso.so.dbg
  OBJCOPY arch/arm/vdso/vdso.so
  CC      init/version.o
  AS      arch/arm/vdso/vdso.o
  CC      arch/arm/kernel/opcodes.o
  LD      arch/arm/vdso/built-in.o
  CC      arch/arm/mm/dma-mapping.o
  LD      init/mounts.o
  LD      init/built-in.o
  CC      arch/arm/kernel/process.o
  CC      arch/arm/common/firmware.o
  LD      arch/arm/common/built-in.o
  LD      arch/arm/probes/built-in.o
  CC      arch/arm/kernel/ptrace.o
  LD      arch/arm/net/built-in.o
  CC      arch/arm/mm/extable.o
  CC      arch/arm/kernel/reboot.o
  CC      arch/arm/mm/fault.o
  LD      arch/arm/crypto/built-in.o
  CC      arch/arm/kernel/return_address.o
  CC      arch/arm/kernel/setup.o
  CC      arch/arm/mm/init.o
  LD      arch/arm/firmware/built-in.o
  CC      arch/arm/kernel/signal.o
  CC      arch/arm/mach-imx/cpu.o
  CC      arch/arm/mm/iomap.o
  AS      arch/arm/kernel/sigreturn_codes.o
  CC      arch/arm/kernel/stacktrace.o
  CC      arch/arm/mach-imx/system.o
  CC      arch/arm/mach-imx/irq-common.o
  CC      arch/arm/kernel/sys_arm.o
  CC      arch/arm/mm/fault-armv.o
  CC      arch/arm/mach-imx/common.o
  CC      arch/arm/kernel/time.o
  CC      arch/arm/mm/flush.o
  CC      arch/arm/mach-imx/cpuidle-imx7d.o
  CC      arch/arm/kernel/traps.o
  AS      arch/arm/mach-imx/imx7d_low_power_idle.o
  AS      arch/arm/mach-imx/ssi-fiq.o
  CC      arch/arm/mach-imx/ssi-fiq-ksym.o
  CC      arch/arm/mach-imx/anatop.o
  CC      arch/arm/mm/idmap.o
  CC      arch/arm/mach-imx/gpcv2.o
  CC      arch/arm/mm/ioremap.o
  CC      arch/arm/kernel/atags_parse.o
  CC      arch/arm/mach-imx/mmdc.o
  CC      arch/arm/mm/mmap.o
  AS      arch/arm/kernel/entry-armv.o
  CC      arch/arm/kernel/bugs.o
  CC      arch/arm/kernel/cpuidle.o
  CC      arch/arm/mm/pgd.o
  CC      arch/arm/mach-imx/ddrc.o
  CC      arch/arm/mm/mmu.o
  CC      arch/arm/kernel/armksyms.o
  CC      arch/arm/mach-imx/src.o
  CC      arch/arm/mach-imx/mu.o
  CC      arch/arm/kernel/module.o
  CC      arch/arm/mm/pageattr.o
  AS      arch/arm/kernel/sleep.o
  AS      arch/arm/mach-imx/headsmp.o
  CC      arch/arm/mm/proc-syms.o
  CC      arch/arm/kernel/suspend.o
  CC      arch/arm/mach-imx/platsmp.o
  CC      arch/arm/kernel/smp.o
  CC      arch/arm/mach-imx/hotplug.o
  CC      arch/arm/mm/alignment.o
  CC      arch/arm/mach-imx/busfreq_lpddr2.o
  CC      arch/arm/kernel/smp_tlb.o
  AS      arch/arm/mm/abort-ev7.o
  AS      arch/arm/mm/pabort-v7.o
  AS      arch/arm/mm/cache-v7.o
  CC      arch/arm/mach-imx/busfreq-imx.o
  CC      arch/arm/mm/copypage-v6.o
  CC      arch/arm/kernel/arch_timer.o
  CC      arch/arm/kernel/unwind.o
  CC      arch/arm/mm/context.o
  CC      arch/arm/kernel/devtree.o
  AS      arch/arm/mm/tlb-v7.o
  AS      arch/arm/mm/proc-v7.o
  CC      arch/arm/mach-imx/busfreq_ddr3.o
  CC      arch/arm/mm/proc-v7-bugs.o
  CC      arch/arm/kernel/swp_emulate.o
  CC      arch/arm/mm/l2c-common.o
  CC      arch/arm/mach-imx/mach-imx7d.o
  CC      arch/arm/mm/cache-l2x0.o
  CC      arch/arm/kernel/hw_breakpoint.o
  AS      arch/arm/mach-imx/suspend-imx7.o
  CC      arch/arm/mach-imx/pm-imx7.o
  AS      arch/arm/mm/l2c-l2x0-resume.o
  CC      arch/arm/kernel/perf_regs.o
  LD      arch/arm/mm/built-in.o
  CC      arch/arm/kernel/perf_callchain.o
  AS      arch/arm/mach-imx/ddr3_freq_imx7d.o
  AS      arch/arm/mach-imx/smp_wfe.o
  CC      kernel/fork.o
  AS      arch/arm/mach-imx/lpddr3_freq_imx.o
  CC      arch/arm/mach-imx/devices/devices.o
  CC      arch/arm/kernel/perf_event_xscale.o
  CC      arch/arm/kernel/perf_event_v6.o
  CC      arch/arm/kernel/perf_event_v7.o
  CC      arch/arm/mach-imx/devices/platform-gpio-mxc.o
  CC      arch/arm/kernel/vdso.o
  CC      arch/arm/mach-imx/devices/platform-imx-dma.o
  CC      kernel/exec_domain.o
  CC      kernel/panic.o
  CC      arch/arm/kernel/io.o
  LD      arch/arm/mach-imx/devices/built-in.o
  LD      arch/arm/mach-imx/built-in.o
  AS      arch/arm/kernel/hyp-stub.o
  CC      arch/arm/kernel/psci_smp.o
  LD      certs/built-in.o
  AS      arch/arm/kernel/smccc-call.o
  AS      arch/arm/kernel/head.o
  CC      mm/filemap.o
  CC      kernel/cpu.o
  LDS     arch/arm/kernel/vmlinux.lds
  LD      arch/arm/kernel/built-in.o
  CC      fs/open.o
  CC      kernel/exit.o
  CC      fs/read_write.o
  CC      mm/mempool.o
  CC      kernel/softirq.o
  CC      fs/file_table.o
  CC      mm/oom_kill.o
  CC      kernel/resource.o
  CC      fs/super.o
  CC      mm/maccess.o
  CC      kernel/sysctl.o
  CC      mm/page_alloc.o
  CC      fs/char_dev.o
  CC      kernel/sysctl_binary.o
  CC      kernel/capability.o
  CC      fs/stat.o
  CC      kernel/ptrace.o
  CC      fs/exec.o
  CC      mm/page-writeback.o
  CC      kernel/user.o
  CC      kernel/signal.o
  CC      fs/pipe.o
  CC      mm/readahead.o
  CC      fs/namei.o
  CC      mm/swap.o
  CC      kernel/sys.o
  CC      mm/truncate.o
  CC      fs/fcntl.o
  CC      kernel/kmod.o
  CC      mm/vmscan.o
  CC      fs/ioctl.o
  CC      kernel/workqueue.o
  CC      fs/readdir.o
  CC      mm/shmem.o
  CC      fs/select.o
  CC      kernel/pid.o
  CC      kernel/task_work.o
  CC      kernel/extable.o
  CC      mm/util.o
  CC      fs/dcache.o
  CC      kernel/params.o
  CC      mm/mmzone.o
  CC      mm/vmstat.o
  CC      kernel/kthread.o
  CC      kernel/sys_ni.o
  CC      kernel/nsproxy.o
  CC      fs/inode.o
  CC      mm/backing-dev.o
  CC      kernel/notifier.o
  CC      mm/mm_init.o
  CC      fs/attr.o
  CC      kernel/ksysfs.o
  CC      kernel/cred.o
  CC      mm/mmu_context.o
  CC      fs/bad_inode.o
  CC      kernel/reboot.o
  CC      fs/file.o
  CC      mm/percpu.o
  CC      kernel/async.o
  CC      kernel/range.o
  CC      fs/filesystems.o
  CC      kernel/smpboot.o
  CC      mm/slab_common.o
  CC      kernel/ucount.o
  CC      fs/namespace.o
  CC      kernel/groups.o
  CC      mm/compaction.o
  CC      kernel/bpf/core.o
  CC      mm/vmacache.o
  CC      fs/seq_file.o
  CC      mm/interval_tree.o
  CC      mm/list_lru.o
  LD      kernel/bpf/built-in.o
  CC      kernel/events/core.o
  CC      fs/xattr.o
  CC      mm/workingset.o
  CC      mm/debug.o
  CC      fs/libfs.o
  CC      mm/gup.o
  CC      fs/fs-writeback.o
  CC      mm/highmem.o
  CC      fs/pnode.o
  CC      mm/memory.o
  CC      kernel/events/ring_buffer.o
  CC      fs/splice.o
  CC      kernel/events/callchain.o
  CC      fs/sync.o
  CC      kernel/events/hw_breakpoint.o
  CC      mm/mincore.o
  CC      fs/utimes.o
  LD      kernel/events/built-in.o
  CC      kernel/irq/irqdesc.o
  CC      fs/stack.o
  CC      mm/mlock.o
  CC      fs/fs_struct.o
  CC      kernel/irq/handle.o
  CC      mm/mmap.o
  CC      fs/statfs.o
  CC      kernel/irq/manage.o
  CC      fs/fs_pin.o
  CC      fs/nsfs.o
  CC      kernel/irq/spurious.o
  CC      fs/buffer.o
  CC      mm/mprotect.o
  CC      kernel/irq/resend.o
  CC      mm/mremap.o
  CC      kernel/irq/chip.o
  CC      mm/msync.o
  CC      mm/rmap.o
  CC      kernel/irq/dummychip.o
  CC      fs/block_dev.o
  CC      kernel/irq/devres.o
  CC      fs/direct-io.o
  CC      mm/vmalloc.o
  CC      kernel/irq/generic-chip.o
  CC      kernel/irq/autoprobe.o
  CC      mm/pagewalk.o
  CC      kernel/irq/irqdomain.o
  CC      fs/mpage.o
  CC      mm/pgtable-generic.o
  CC      kernel/irq/proc.o
  CC      mm/process_vm_access.o
  CC      fs/proc_namespace.o
  CC      kernel/irq/pm.o
  CC      mm/init-mm.o
  CC      fs/autofs4/init.o
  CC      fs/autofs4/inode.o
  CC      mm/nobootmem.o
  CC      kernel/irq/affinity.o
  CC      fs/autofs4/root.o
  LD      kernel/irq/built-in.o
  CC      mm/fadvise.o
  LD      kernel/livepatch/built-in.o
  CC      kernel/locking/mutex.o
  CC      mm/madvise.o
  CC      fs/autofs4/symlink.o
  CC      kernel/locking/semaphore.o
  CC      fs/autofs4/waitq.o
  CC      mm/memblock.o
  CC      kernel/locking/rwsem.o
  CC      fs/autofs4/expire.o
  CC      mm/page_io.o
  CC      kernel/locking/percpu-rwsem.o
  CC      fs/autofs4/dev-ioctl.o
  CC      mm/swap_state.o
  CC      kernel/locking/spinlock.o
  LD      fs/autofs4/autofs4.o
  CC      kernel/locking/osq_lock.o
  LD      fs/autofs4/built-in.o
  CC      fs/cifs/cifsfs.o
  CC      mm/swapfile.o
  CC      kernel/locking/rtmutex.o
  CC      fs/cifs/cifssmb.o
  CC      kernel/locking/rwsem-xadd.o
  LD      kernel/locking/built-in.o
  CC      mm/dmapool.o
  CC      kernel/power/qos.o
  CC      mm/slub.o
  CC      kernel/power/main.o
  CC      fs/cifs/cifs_debug.o
  CC      kernel/power/console.o
  CC      fs/cifs/connect.o
  CC      kernel/power/process.o
  CC      mm/migrate.o
  CC      kernel/power/suspend.o
  CC      mm/page_isolation.o
  LD      kernel/power/built-in.o
  CC      fs/cifs/dir.o
  CC      kernel/printk/printk.o
  CC      mm/early_ioremap.o
  CC      mm/cma.o
  CC      fs/cifs/file.o
  CC      mm/frame_vector.o
  CC      kernel/printk/nmi.o
  LD      kernel/printk/built-in.o
  CC      kernel/rcu/update.o
  LD      mm/built-in.o
  LD      fs/configfs/built-in.o
  CC      ipc/util.o
  CC      kernel/rcu/sync.o
  CC      kernel/rcu/srcu.o
  CC      ipc/msgutil.o
  CC      fs/cifs/inode.o
  CC      ipc/msg.o
  CC      kernel/rcu/tree.o
  CC      ipc/sem.o
  CC      fs/cifs/link.o
  CC      ipc/shm.o
  CC      fs/cifs/misc.o
  LD      kernel/rcu/built-in.o
  CC      kernel/sched/core.o
  CC      fs/cifs/netmisc.o
  CC      ipc/syscall.o
  CC      ipc/ipc_sysctl.o
  CC      fs/cifs/smbencrypt.o
  CC      ipc/namespace.o
  LD      ipc/built-in.o
  CC      kernel/sched/loadavg.o
  CC      fs/cifs/transport.o
  CC      fs/debugfs/inode.o
  CC      fs/cifs/asn1.o
  CC      fs/cifs/cifs_unicode.o
  CC      fs/debugfs/file.o
  CC      kernel/sched/clock.o
  CC      kernel/sched/cputime.o
  CC      fs/cifs/nterr.o
  CC      fs/cifs/cifsencrypt.o
  CC      kernel/sched/idle_task.o
  LD      fs/debugfs/debugfs.o
  LD      fs/debugfs/built-in.o
  CC      security/keys/gc.o
  CC      kernel/sched/fair.o
  CC      security/keys/key.o
  CC      fs/cifs/readdir.o
  CC      security/keys/keyring.o
  CC      fs/cifs/ioctl.o
  CC      security/keys/keyctl.o
  CC      fs/cifs/sess.o
  CC      security/keys/permission.o
  CC      kernel/sched/rt.o
  CC      fs/cifs/export.o
  CC      security/keys/process_keys.o
  CC      security/keys/request_key.o
  CC      fs/cifs/smb1ops.o
  CC      kernel/sched/deadline.o
  CC      fs/cifs/winucase.o
  LD      fs/cifs/cifs.o
  LD      fs/cifs/built-in.o
  CC      security/keys/request_key_auth.o
  CC      fs/devpts/inode.o
  CC      security/keys/user_defined.o
  LD      fs/devpts/devpts.o
  LD      fs/devpts/built-in.o
  LD      fs/exofs/built-in.o
  CC      fs/exportfs/expfs.o
  CC      kernel/sched/stop_task.o
  CC      security/keys/proc.o
  CC      kernel/sched/wait.o
  LD      fs/exportfs/exportfs.o
  LD      fs/exportfs/built-in.o
  CC      fs/ext4/balloc.o
  CC      security/keys/sysctl.o
  LD      security/keys/built-in.o
  CC      security/commoncap.o
  CC      kernel/sched/swait.o
  CC      fs/ext4/bitmap.o
  CC      kernel/sched/completion.o
  CC      fs/ext4/dir.o
  CC      security/min_addr.o
  CC      security/inode.o
  CC      kernel/sched/idle.o
  CC      fs/ext4/file.o
  CC      kernel/sched/cpupri.o
  LD      security/built-in.o
  CC      crypto/api.o
  CC      kernel/sched/cpudeadline.o
  CC      fs/ext4/fsync.o
  CC      kernel/sched/cpuacct.o
  CC      fs/ext4/ialloc.o
  CC      kernel/sched/cpufreq.o
  CC      crypto/cipher.o
  CC      crypto/compress.o
  LD      kernel/sched/built-in.o
  CC      kernel/time/time.o
  CC      crypto/memneq.o
  CC      fs/ext4/inode.o
  CC      crypto/crypto_wq.o
  CC      kernel/time/timer.o
  CC      crypto/algapi.o
  CC      kernel/time/hrtimer.o
  CC      fs/ext4/page-io.o
  CC      fs/ext4/ioctl.o
  CC      crypto/scatterwalk.o
  CC      kernel/time/itimer.o
  CC      crypto/proc.o
  CC      fs/ext4/namei.o
  CC      crypto/aead.o
  CC      kernel/time/posix-timers.o
  CC      crypto/ablkcipher.o
  CC      kernel/time/posix-cpu-timers.o
  CC      fs/ext4/super.o
  CC      crypto/blkcipher.o
  CC      kernel/time/timekeeping.o
  CC      crypto/skcipher.o
  CC      kernel/time/ntp.o
  CC      kernel/time/clocksource.o
  CC      crypto/seqiv.o
  CC      kernel/time/jiffies.o
  CC      fs/ext4/symlink.o
  CC      crypto/ahash.o
  CC      kernel/time/timer_list.o
  CC      fs/ext4/hash.o
  CC      fs/ext4/resize.o
  CC      kernel/time/timeconv.o
  CC      kernel/time/timecounter.o
  CC      crypto/shash.o
  CC      kernel/time/posix-clock.o
  CC      fs/ext4/extents.o
  CC      crypto/akcipher.o
  CC      kernel/time/alarmtimer.o
  CC      crypto/kpp.o
  CC      kernel/time/clockevents.o
  CC      fs/ext4/ext4_jbd2.o
  CC      crypto/ecc.o
  CC      kernel/time/tick-common.o
  CC      fs/ext4/migrate.o
  CC      kernel/time/tick-broadcast.o
  CC      crypto/ecdh.o
  CC      fs/ext4/mballoc.o
  CC      crypto/ecdh_helper.o
  ASN.1   crypto/rsapubkey-asn1.c
  CC      kernel/time/tick-broadcast-hrtimer.o
  ASN.1   crypto/rsaprivkey-asn1.c
  CC      crypto/rsa.o
  CC      kernel/time/sched_clock.o
  CC      crypto/rsa_helper.o
  CC      kernel/time/tick-oneshot.o
  CC      crypto/rsa-pkcs1pad.o
  CC      kernel/time/tick-sched.o
  CC      crypto/algboss.o
  CC      kernel/time/timekeeping_debug.o
  CC      fs/ext4/block_validity.o
  LD      kernel/time/built-in.o
  CC      crypto/testmgr.o
  CC      kernel/freezer.o
  CC      fs/ext4/move_extent.o
  CC      crypto/crypto_user.o
  CC      kernel/stacktrace.o
  CC      fs/ext4/mmp.o
  CC      crypto/cmac.o
  CC      kernel/futex.o
  CC      crypto/hmac.o
  CC      fs/ext4/indirect.o
  CC      kernel/smp.o
  CC      crypto/crypto_null.o
  CC      fs/ext4/extents_status.o
  CC      crypto/md4.o
  CC      kernel/uid16.o
  CC      fs/ext4/xattr.o
  CC      crypto/md5.o
  CC      kernel/module.o
  CC      crypto/rmd128.o
  CC      fs/ext4/xattr_user.o
  CC      crypto/rmd160.o
  CC      fs/ext4/xattr_trusted.o
  CC      crypto/rmd256.o
  CC      fs/ext4/inline.o
  CC      kernel/kallsyms.o
  CC      crypto/rmd320.o
  CC      kernel/cgroup.o
  CC      crypto/sha1_generic.o
  CC      fs/ext4/readpage.o
  CC      crypto/sha256_generic.o
  CC      fs/ext4/sysfs.o
  CC      fs/ext4/acl.o
  CC      crypto/sha512_generic.o
  CC      fs/ext4/xattr_security.o
  CC      kernel/cgroup_freezer.o
  CC      crypto/wp512.o
  LD      fs/ext4/ext4.o
  LD      fs/ext4/built-in.o
  CC      kernel/utsname.o
  CC      fs/fat/cache.o
  CC      kernel/pid_namespace.o
  CC      crypto/tgr192.o
  CC      fs/fat/dir.o
  CC      crypto/gf128mul.o
  GZIP    kernel/config_data.gz
  CC      kernel/stop_machine.o
  CC      crypto/ecb.o
  CC      kernel/hung_task.o
  CC      fs/fat/fatent.o
  CC      crypto/cbc.o
  CC      kernel/watchdog.o
  CC      crypto/cts.o
  CC      fs/fat/file.o
  CC      kernel/relay.o
  CC      crypto/lrw.o
  CC      fs/fat/inode.o
  CC      kernel/utsname_sysctl.o
  CC      crypto/xts.o
  CC      kernel/delayacct.o
  CC      crypto/ctr.o
  CC      kernel/taskstats.o
  CC      crypto/gcm.o
  CC      fs/fat/misc.o
  CC      kernel/tsacct.o
  CC      crypto/ccm.o
  CC      fs/fat/nfs.o
  CC      kernel/elfcore.o
  CC      fs/fat/namei_vfat.o
  CC      crypto/des_generic.o
  CC      kernel/irq_work.o
  LD      fs/fat/fat.o
  LD      fs/fat/vfat.o
  LD      fs/fat/built-in.o
  CC      fs/fuse/dev.o
  CC      kernel/cpu_pm.o
  CC      crypto/blowfish_generic.o
  CC      kernel/membarrier.o
  CC      crypto/blowfish_common.o
  CC      kernel/memremap.o
  CC      crypto/twofish_generic.o
  CHK     kernel/config_data.h
  UPD     kernel/config_data.h
  CC      kernel/configs.o
  CC      crypto/twofish_common.o
  CC      fs/fuse/dir.o
  LD      kernel/built-in.o
  CC      fs/jbd2/transaction.o
  CC      crypto/aes_generic.o
  CC      fs/fuse/file.o
  CC      fs/jbd2/commit.o
  CC      crypto/camellia_generic.o
  CC      fs/jbd2/recovery.o
  CC      crypto/arc4.o
  CC      fs/fuse/inode.o
  CC      crypto/deflate.o
  CC      fs/jbd2/checkpoint.o
  CC      crypto/michael_mic.o
  CC      fs/jbd2/revoke.o
  CC      fs/fuse/control.o
  CC      crypto/crc32c_generic.o
  CC      fs/jbd2/journal.o
  CC      fs/fuse/xattr.o
  CC      crypto/crct10dif_common.o
  CC      crypto/crct10dif_generic.o
  CC      fs/fuse/acl.o
  CC      fs/fuse/cuse.o
  CC      crypto/authenc.o
  LD      fs/fuse/fuse.o
  LD      fs/fuse/built-in.o
  CC      block/bio.o
  LD      fs/jbd2/jbd2.o
  LD      fs/jbd2/built-in.o
  CC      fs/kernfs/mount.o
  CC      fs/kernfs/inode.o
  CC      crypto/authencesn.o
  CC      fs/kernfs/dir.o
  CC      block/elevator.o
  CC      crypto/lzo.o
  CC      crypto/rng.o
  CC      fs/kernfs/file.o
  CC      block/blk-core.o
  CC      fs/kernfs/symlink.o
  CC      crypto/drbg.o
  LD      fs/kernfs/built-in.o
  CC      fs/lockd/clntlock.o
  CC      crypto/jitterentropy.o
  CC      crypto/jitterentropy-kcapi.o
  CC      fs/lockd/clntproc.o
  CC      block/blk-tag.o
  CC      crypto/ghash-generic.o
  LD      crypto/crypto.o
  LD      crypto/crypto_algapi.o
  LD      crypto/crypto_blkcipher.o
  LD      crypto/crypto_hash.o
  LD      crypto/ecdh_generic.o
  CC      crypto/rsapubkey-asn1.o
  CC      block/blk-sysfs.o
  CC      crypto/rsaprivkey-asn1.o
  CC      fs/lockd/clntxdr.o
  LD      crypto/cryptomgr.o
  LD      crypto/jitterentropy_rng.o
  LD      crypto/rsa_generic.o
  LD      crypto/built-in.o
  CC      block/blk-flush.o
  CC      fs/nfs/client.o
  CC      fs/lockd/host.o
  CC      block/blk-settings.o
  CC      fs/lockd/svc.o
  CC      fs/nfs/dir.o
  CC      block/blk-ioc.o
  CC      fs/lockd/svclock.o
  CC      fs/lockd/svcshare.o
  CC      block/blk-map.o
  CC      fs/lockd/svcproc.o
  CC      block/blk-exec.o
  CC      fs/nfs/file.o
  CC      fs/lockd/svcsubs.o
  CC      block/blk-merge.o
  CC      fs/nfs/getroot.o
  CC      fs/lockd/mon.o
  CC      block/blk-softirq.o
  CC      fs/nfs/inode.o
  CC      fs/lockd/xdr.o
  CC      block/blk-timeout.o
  CC      fs/lockd/clnt4xdr.o
  CC      block/blk-lib.o
  CC      fs/lockd/xdr4.o
  CC      fs/nfs/super.o
  CC      fs/lockd/svc4proc.o
  CC      block/blk-mq.o
  CC      fs/lockd/procfs.o
  LD      fs/lockd/lockd.o
  LD      fs/lockd/built-in.o
  CC      drivers/amba/bus.o
  CC      fs/nfs/io.o
  CC      block/blk-mq-tag.o
  LD      drivers/amba/built-in.o
  LD      drivers/auxdisplay/built-in.o
  CC      drivers/base/component.o
  CC      fs/nfs/direct.o
  CC      block/blk-mq-sysfs.o
  CC      drivers/base/core.o
  CC      fs/nfs/pagelist.o
  CC      block/blk-mq-cpumap.o
  CC      block/ioctl.o
  CC      fs/nfs/read.o
  CC      drivers/base/bus.o
  CC      block/genhd.o
  CC      fs/nfs/symlink.o
  CC      drivers/base/dd.o
  CC      fs/nfs/unlink.o
  CC      block/scsi_ioctl.o
  CC      drivers/base/syscore.o
  CC      fs/nfs/write.o
  CC      drivers/base/driver.o
  CC      block/partition-generic.o
  CC      drivers/base/class.o
  CC      block/ioprio.o
  CC      drivers/base/platform.o
  CC      fs/nfs/namespace.o
  CC      block/badblocks.o
  CC      drivers/base/cpu.o
  CC      fs/nfs/mount_clnt.o
  CC      block/partitions/check.o
  CC      drivers/base/firmware.o
  CC      fs/nfs/nfstrace.o
  CC      block/partitions/msdos.o
  CC      drivers/base/init.o
  CC      block/partitions/efi.o
  CC      fs/nfs/nfsroot.o
  CC      drivers/base/map.o
  LD      block/partitions/built-in.o
  CC      block/noop-iosched.o
  CC      drivers/base/devres.o
  CC      fs/nfs/sysctl.o
  CC      block/deadline-iosched.o
  CC      drivers/base/attribute_container.o
  CC      block/cfq-iosched.o
  CC      fs/nfs/nfs2super.o
  CC      drivers/base/transport_class.o
  CC      fs/nfs/proc.o
  CC      drivers/base/topology.o
  LD      block/built-in.o
  CC      fs/nfs_common/nfsacl.o
  CC      drivers/base/container.o
  CC      fs/nfs/nfs2xdr.o
  CC      drivers/base/property.o
  CC      fs/nfs_common/grace.o
  CC      fs/nfs/nfs3super.o
  LD      fs/nfs_common/nfs_acl.o
  LD      fs/nfs_common/built-in.o
  CC      sound/sound_core.o
  CC      drivers/base/cacheinfo.o
  CC      fs/nfs/nfs3client.o
  LD      sound/arm/built-in.o
  LD      sound/atmel/built-in.o
  CC      sound/core/sound.o
  CC      drivers/base/devtmpfs.o
  CC      drivers/base/dma-contiguous.o
  CC      sound/core/init.o
  CC      fs/nfs/nfs3proc.o
  CC      drivers/base/power/sysfs.o
  CC      sound/core/memory.o
  CC      drivers/base/power/generic_ops.o
  CC      fs/nfs/nfs3xdr.o
  CC      sound/core/control.o
  CC      drivers/base/power/common.o
  CC      fs/nfs/nfs3acl.o
  CC      drivers/base/power/qos.o
  CC      sound/core/misc.o
  CC      fs/nfs/nfs4proc.o
  CC      sound/core/device.o
  CC      drivers/base/power/runtime.o
  CC      sound/core/info.o
  CC      drivers/base/power/wakeirq.o
  CC      sound/core/ctljack.o
  CC      sound/core/jack.o
  CC      drivers/base/power/main.o
  CC      sound/core/timer.o
  CC      drivers/base/power/wakeup.o
  CC      fs/nfs/nfs4xdr.o
  CC      sound/core/pcm.o
  CC      drivers/base/power/opp/core.o
  CC      sound/core/pcm_native.o
  CC      drivers/base/power/opp/cpu.o
  CC      drivers/base/power/opp/of.o
  CC      fs/nfs/nfs4state.o
  CC      sound/core/pcm_lib.o
  CC      drivers/base/power/opp/debugfs.o
  LD      drivers/base/power/opp/built-in.o
  CC      drivers/base/power/domain.o
  CC      sound/core/pcm_misc.o
  CC      fs/nfs/nfs4renewd.o
  CC      drivers/base/power/domain_governor.o
  CC      sound/core/pcm_memory.o
  CC      fs/nfs/nfs4super.o
  CC      drivers/base/power/clock_ops.o
  CC      sound/core/memalloc.o
  CC      fs/nfs/nfs4file.o
  LD      drivers/base/power/built-in.o
  CC      drivers/base/regmap/regmap.o
  CC      sound/core/pcm_timer.o
  CC      fs/nfs/delegation.o
  CC      sound/core/pcm_dmaengine.o
  CC      drivers/base/regmap/regcache.o
  LD      sound/core/snd.o
  LD      sound/core/snd-timer.o
  LD      sound/core/snd-pcm.o
  CC      drivers/base/regmap/regcache-rbtree.o
  LD      sound/core/snd-pcm-dmaengine.o
  LD      sound/core/built-in.o
  LD      sound/drivers/mpu401/built-in.o
  LD      sound/drivers/opl3/built-in.o
  CC      fs/nfs/nfs4idmap.o
  LD      sound/drivers/opl4/built-in.o
  LD      sound/drivers/pcsp/built-in.o
  LD      sound/drivers/vx/built-in.o
  LD      sound/drivers/built-in.o
  CC      drivers/base/regmap/regcache-lzo.o
  LD      sound/firewire/built-in.o
  LD      sound/hda/built-in.o
  LD      sound/i2c/other/built-in.o
  LD      sound/i2c/built-in.o
  LD      sound/isa/ad1816a/built-in.o
  LD      sound/isa/ad1848/built-in.o
  LD      sound/isa/cs423x/built-in.o
  CC      drivers/base/regmap/regcache-flat.o
  LD      sound/isa/es1688/built-in.o
  LD      sound/isa/galaxy/built-in.o
  LD      sound/isa/gus/built-in.o
  LD      sound/isa/msnd/built-in.o
  LD      sound/isa/opti9xx/built-in.o
  LD      sound/isa/sb/built-in.o
  LD      sound/isa/wavefront/built-in.o
  LD      sound/isa/wss/built-in.o
  LD      sound/isa/built-in.o
  LD      sound/mips/built-in.o
  CC      drivers/base/regmap/regmap-debugfs.o
  LD      sound/parisc/built-in.o
  LD      sound/pci/ac97/built-in.o
  LD      sound/pci/ali5451/built-in.o
  LD      sound/pci/asihpi/built-in.o
  LD      sound/pci/au88x0/built-in.o
  LD      sound/pci/aw2/built-in.o
  LD      sound/pci/ca0106/built-in.o
  CC      fs/nfs/callback.o
  CC      drivers/base/regmap/regmap-i2c.o
  LD      sound/pci/cs46xx/built-in.o
  LD      sound/pci/cs5535audio/built-in.o
  LD      sound/pci/ctxfi/built-in.o
  LD      sound/pci/echoaudio/built-in.o
  LD      sound/pci/emu10k1/built-in.o
  LD      sound/pci/hda/built-in.o
  LD      sound/pci/ice1712/built-in.o
  LD      sound/pci/korg1212/built-in.o
  LD      sound/pci/lola/built-in.o
  CC      drivers/base/regmap/regmap-spi.o
  LD      sound/pci/lx6464es/built-in.o
  LD      sound/pci/mixart/built-in.o
  LD      sound/pci/nm256/built-in.o
  LD      sound/pci/oxygen/built-in.o
  CC      fs/nfs/callback_xdr.o
  LD      sound/pci/pcxhr/built-in.o
  LD      sound/pci/riptide/built-in.o
  LD      sound/pci/rme9652/built-in.o
  LD      sound/pci/trident/built-in.o
  LD      sound/pci/vx222/built-in.o
  LD      sound/pci/ymfpci/built-in.o
  LD      sound/pci/built-in.o
  LD      sound/pcmcia/pdaudiocf/built-in.o
  LD      sound/pcmcia/vx/built-in.o
  LD      sound/pcmcia/built-in.o
  LD      sound/ppc/built-in.o
  CC      drivers/base/regmap/regmap-mmio.o
  LD      sound/sh/built-in.o
  CC      sound/soc/soc-core.o
  LD      drivers/base/regmap/built-in.o
  CC      drivers/base/dma-mapping.o
  CC      fs/nfs/callback_proc.o
  CC      drivers/base/dma-coherent.o
  CC      fs/nfs/nfs4namespace.o
  CC      drivers/base/firmware_class.o
  CC      sound/soc/soc-dapm.o
  CC      fs/nfs/nfs4getroot.o
  CC      drivers/base/module.o
  CC      fs/nfs/nfs4client.o
  CC      drivers/base/soc.o
  CC      drivers/base/pinctrl.o
  CC      sound/soc/soc-jack.o
  LD      drivers/base/built-in.o
  CC      drivers/block/loop.o
  CC      fs/nfs/nfs4session.o
  CC      sound/soc/soc-cache.o
  CC      fs/nfs/dns_resolve.o
  CC      sound/soc/soc-utils.o
  LD      drivers/block/built-in.o
  LD      drivers/bluetooth/built-in.o
  CC      drivers/bus/imx-weim.o
  CC      fs/nfs/nfs4trace.o
  CC      sound/soc/soc-pcm.o
  LD      drivers/bus/built-in.o
  LD      drivers/cdrom/built-in.o
  CC      drivers/char/mem.o
  CC      fs/nfs/nfs4sysctl.o
  CC      drivers/char/random.o
  CC      fs/nfs/pnfs.o
  CC      sound/soc/soc-io.o
  CC      drivers/char/misc.o
  CC      sound/soc/soc-devres.o
  LD      drivers/char/agp/built-in.o
  CC      drivers/char/hw_random/core.o
  CC      sound/soc/soc-ops.o
  CC      fs/nfs/pnfs_dev.o
  LD      drivers/char/hw_random/rng-core.o
  LD      drivers/char/hw_random/built-in.o
  LD      drivers/char/built-in.o
  LD      drivers/char/ipmi/built-in.o
  CC      drivers/clk/clk-devres.o
  CC      sound/soc/soc-generic-dmaengine-pcm.o
  CC      drivers/clk/clkdev.o
  LD      sound/soc/adi/built-in.o
  CC      fs/nfs/pnfs_nfs.o
  LD      sound/soc/amd/built-in.o
  LD      sound/soc/atmel/built-in.o
  LD      sound/soc/au1x/built-in.o
  CC      drivers/clk/clk.o
  LD      sound/soc/bcm/built-in.o
  LD      sound/soc/blackfin/built-in.o
  LD      sound/soc/cirrus/built-in.o
  CC      sound/soc/codecs/sgtl5000.o
  LD      sound/soc/codecs/snd-soc-sgtl5000.o
  LD      sound/soc/codecs/built-in.o
  LD      sound/soc/davinci/built-in.o
  LD      sound/soc/dwc/built-in.o
  CC      sound/soc/fsl/fsl_asrc.o
  CC      fs/nfs/nfs42proc.o
  CC      drivers/clk/clk-divider.o
  CC      drivers/clk/clk-fixed-factor.o
  CC      fs/nfs/filelayout/filelayout.o
  CC      sound/soc/fsl/fsl_asrc_dma.o
  CC      drivers/clk/clk-fixed-rate.o
  CC      sound/soc/fsl/fsl_dma_workaround.o
  CC      fs/nfs/filelayout/filelayoutdev.o
  CC      drivers/clk/clk-gate.o
  CC      sound/soc/fsl/fsl_sai.o
  CC      drivers/clk/clk-multiplier.o
  CC      drivers/clk/clk-mux.o
  LD      fs/nfs/filelayout/nfs_layout_nfsv41_files.o
  LD      fs/nfs/filelayout/built-in.o
  LD      fs/nfs/flexfilelayout/built-in.o
  LD      fs/nfs/nfs.o
  CC      sound/soc/fsl/fsl_spdif.o
  LD      fs/nfs/nfsv2.o
  LD      fs/nfs/nfsv3.o
  LD      fs/nfs/nfsv4.o
  CC      drivers/clk/clk-composite.o
  LD      fs/nfs/built-in.o
  CC      fs/nls/nls_base.o
  CC      drivers/clk/clk-fractional-divider.o
  CC      fs/nls/nls_cp437.o
  CC      drivers/clk/clk-gpio.o
  CC      fs/nls/nls_ascii.o
  CC      sound/soc/fsl/imx-audmux.o
  CC      fs/nls/nls_iso8859-1.o
  CC      fs/nls/nls_utf8.o
  CC      drivers/clk/clk-conf.o
  LD      fs/nls/built-in.o
  CC      fs/notify/fsnotify.o
  CC      sound/soc/fsl/imx-pcm-dma.o
  LD      drivers/clk/bcm/built-in.o
  CC      drivers/clk/imx/clk.o
  CC      drivers/clk/imx/clk-busy.o
  CC      fs/notify/notification.o
  CC      sound/soc/fsl/imx-pcm-dma-v2.o
  CC      drivers/clk/imx/clk-cpu.o
  CC      fs/notify/group.o
  CC      drivers/clk/imx/clk-fixup-div.o
  CC      fs/notify/inode_mark.o
  CC      drivers/clk/imx/clk-fixup-mux.o
  LD      sound/soc/fsl/snd-soc-fsl-asrc.o
  LD      sound/soc/fsl/snd-soc-fsl-dma-workaround.o
  LD      sound/soc/fsl/snd-soc-fsl-sai.o
  LD      sound/soc/fsl/snd-soc-fsl-spdif.o
  LD      sound/soc/fsl/snd-soc-imx-audmux.o
  LD      sound/soc/fsl/built-in.o
  CC      sound/soc/generic/simple-card-utils.o
  CC      drivers/clk/imx/clk-gate-exclusive.o
  CC      fs/notify/mark.o
  CC      drivers/clk/imx/clk-gate2.o
  CC      drivers/clk/imx/clk-pllv1.o
  CC      fs/notify/vfsmount_mark.o
  CC      sound/soc/generic/simple-card.o
  CC      drivers/clk/imx/clk-pllv2.o
  CC      fs/notify/fdinfo.o
  CC      drivers/clk/imx/clk-pllv3.o
  LD      sound/soc/generic/snd-soc-simple-card-utils.o
  LD      sound/soc/generic/snd-soc-simple-card.o
  LD      sound/soc/generic/built-in.o
  LD      sound/soc/img/built-in.o
  LD      sound/soc/intel/boards/built-in.o
  LD      sound/soc/intel/built-in.o
  LD      sound/soc/jz4740/built-in.o
  LD      sound/soc/kirkwood/built-in.o
  LD      sound/soc/mediatek/built-in.o
  LD      sound/soc/mp/built-in.o
  CC      fs/notify/dnotify/dnotify.o
  LD      sound/soc/mxs/built-in.o
  LD      sound/soc/nuc900/built-in.o
  LD      sound/soc/omap/built-in.o
  LD      sound/soc/pxa/built-in.o
  LD      sound/soc/qcom/built-in.o
  CC      drivers/clk/imx/clk-pfd.o
  LD      sound/soc/rockchip/built-in.o
  LD      sound/soc/samsung/built-in.o
  LD      sound/soc/sh/built-in.o
  LD      sound/soc/sirf/built-in.o
  LD      sound/soc/spear/built-in.o
  LD      sound/soc/sti/built-in.o
  LD      sound/soc/sunxi/built-in.o
  LD      fs/notify/dnotify/built-in.o
  LD      fs/notify/fanotify/built-in.o
  LD      sound/soc/tegra/built-in.o
  CC      fs/notify/inotify/inotify_fsnotify.o
  LD      sound/soc/txx9/built-in.o
  LD      sound/soc/ux500/built-in.o
  LD      sound/soc/xtensa/built-in.o
  LD      sound/soc/zte/built-in.o
  LD      sound/soc/snd-soc-core.o
  LD      sound/soc/built-in.o
  CC      drivers/clk/imx/clk-composite.o
  LD      sound/sparc/built-in.o
  LD      sound/spi/built-in.o
  LD      sound/synth/built-in.o
  LD      sound/usb/6fire/built-in.o
  LD      sound/usb/bcd2000/built-in.o
  CC      fs/notify/inotify/inotify_user.o
  LD      sound/usb/caiaq/built-in.o
  LD      sound/usb/hiface/built-in.o
  LD      sound/usb/misc/built-in.o
  LD      sound/usb/usx2y/built-in.o
  LD      sound/usb/built-in.o
  CC      sound/last.o
  CC      drivers/clk/imx/clk-pllv4.o
  LD      sound/soundcore.o
  LD      sound/built-in.o
  LD      fs/notify/inotify/built-in.o
  LD      fs/notify/built-in.o
  MK_FW   firmware/imx/sdma/sdma-imx6q.bin.gen.S
  IHEX    firmware/imx/sdma/sdma-imx6q.bin
  MK_FW   firmware/imx/sdma/sdma-imx7d.bin.gen.S
  CC      fs/ntfs/aops.o
  IHEX    firmware/imx/sdma/sdma-imx7d.bin
  AS      firmware/imx/sdma/sdma-imx6q.bin.gen.o
  AS      firmware/imx/sdma/sdma-imx7d.bin.gen.o
  CC      drivers/clk/imx/clk-pllv5.o
  LD      firmware/built-in.o
  CC      drivers/clocksource/clksrc-probe.o
  CC      drivers/clk/imx/clk-pfdv2.o
  CC      drivers/clocksource/mmio.o
  CC      drivers/clk/imx/clk-imx7d.o
  CC      fs/ntfs/attrib.o
  CC      drivers/clocksource/arm_arch_timer.o
  CC      drivers/clocksource/dummy_timer.o
  LD      drivers/clk/imx/built-in.o
  LD      drivers/clk/mvebu/built-in.o
  LD      drivers/clk/ti/built-in.o
  CC      fs/ntfs/collate.o
  LD      drivers/clk/built-in.o
  CC      net/socket.o
  CC      drivers/clocksource/timer-imx-gpt.o
  CC      fs/ntfs/compress.o
  LD      drivers/clocksource/built-in.o
  CC      drivers/connector/cn_queue.o
  CC      fs/ntfs/debug.o
  CC      drivers/connector/connector.o
  CC      fs/ntfs/dir.o
  CC      net/802/p8022.o
  CC      drivers/connector/cn_proc.o
  CC      fs/ntfs/file.o
  CC      net/802/psnap.o
  LD      drivers/connector/cn.o
  LD      drivers/connector/built-in.o
  CC      drivers/cpufreq/cpufreq.o
  CC      net/802/stp.o
  CC      fs/ntfs/index.o
  CC      drivers/cpufreq/freq_table.o
  CC      fs/ntfs/inode.o
  CC      net/802/garp.o
  CC      drivers/cpufreq/cpufreq_performance.o
  CC      drivers/cpufreq/cpufreq_powersave.o
  CC      drivers/cpufreq/cpufreq_userspace.o
  LD      net/802/built-in.o
  CC      net/8021q/vlan_core.o
  CC      fs/ntfs/mft.o
  CC      drivers/cpufreq/cpufreq_ondemand.o
  CC      net/8021q/vlan.o
  CC      drivers/cpufreq/cpufreq_conservative.o
  CC      fs/ntfs/mst.o
  CC      net/8021q/vlan_dev.o
  CC      drivers/cpufreq/cpufreq_interactive.o
  CC      fs/ntfs/namei.o
  CC      net/8021q/vlan_netlink.o
  CC      fs/ntfs/runlist.o
  CC      drivers/cpufreq/cpufreq_governor.o
  CC      net/8021q/vlan_gvrp.o
  CC      net/8021q/vlanproc.o
  CC      drivers/cpufreq/cpufreq_governor_attr_set.o
  CC      fs/ntfs/super.o
  CC      drivers/cpufreq/cpufreq-dt.o
  LD      net/8021q/8021q.o
  LD      net/8021q/built-in.o
  LD      net/bluetooth/built-in.o
  LD      net/bluetooth/bnep/built-in.o
  LD      net/bluetooth/hidp/built-in.o
  LD      net/bluetooth/rfcomm/built-in.o
  CC      net/bridge/br.o
  CC      drivers/cpufreq/cpufreq-dt-platdev.o
  LD      drivers/cpufreq/built-in.o
  CC      drivers/cpuidle/cpuidle.o
  CC      net/bridge/br_device.o
  CC      fs/ntfs/sysctl.o
  CC      fs/ntfs/unistr.o
  CC      drivers/cpuidle/driver.o
  CC      fs/ntfs/upcase.o
  CC      net/bridge/br_fdb.o
  CC      fs/ntfs/bitmap.o
  CC      drivers/cpuidle/governor.o
  CC      drivers/cpuidle/sysfs.o
  CC      fs/ntfs/lcnalloc.o
  CC      net/bridge/br_forward.o
  CC      drivers/cpuidle/governors/menu.o
  CC      fs/ntfs/logfile.o
  CC      net/bridge/br_if.o
  LD      drivers/cpuidle/governors/built-in.o
  LD      drivers/cpuidle/built-in.o
  CC      drivers/crypto/caam/ctrl.o
  CC      fs/ntfs/quota.o
  CC      net/bridge/br_input.o
  CC      fs/ntfs/usnjrnl.o
  LD      fs/ntfs/ntfs.o
  LD      fs/ntfs/built-in.o
  CC      fs/overlayfs/super.o
  CC      drivers/crypto/caam/jr.o
  CC      net/bridge/br_ioctl.o
  CC      fs/overlayfs/inode.o
  CC      fs/overlayfs/dir.o
  CC      drivers/crypto/caam/key_gen.o
  CC      net/bridge/br_stp.o
  CC      fs/overlayfs/readdir.o
  CC      fs/overlayfs/copy_up.o
  CC      net/bridge/br_stp_bpdu.o
  CC      drivers/crypto/caam/error.o
  LD      fs/overlayfs/overlay.o
  LD      fs/overlayfs/built-in.o
  CC      net/bridge/br_stp_if.o
  CC      fs/proc/task_mmu.o
  CC      drivers/crypto/caam/inst_rng.o
  CC      net/bridge/br_stp_timer.o
  CC      fs/proc/inode.o
  CC      drivers/crypto/caam/caamalg.o
  CC      net/bridge/br_netlink.o
  CC      fs/proc/root.o
  CC      fs/proc/base.o
  CC      net/bridge/br_sysfs_if.o
  CC      net/bridge/br_sysfs_br.o
  CC      drivers/crypto/caam/caamhash.o
  CC      fs/proc/generic.o
  CC      net/bridge/br_nf_core.o
  CC      fs/proc/array.o
  CC      net/bridge/br_vlan.o
  CC      fs/proc/fd.o
  CC      fs/proc/proc_tty.o
  CC      drivers/crypto/caam/caamrng.o
  CC      fs/proc/cmdline.o
  CC      net/bridge/br_netfilter_hooks.o
  CC      fs/proc/consoles.o
  CC      fs/proc/cpuinfo.o
  CC      drivers/crypto/caam/caampkc.o
  CC      fs/proc/devices.o
  CC      fs/proc/interrupts.o
  CC      net/bridge/br_netfilter_ipv6.o
  CC      drivers/crypto/caam/pkc_desc.o
  CC      fs/proc/loadavg.o
  CC      fs/proc/meminfo.o
  CC      net/bridge/netfilter/nf_tables_bridge.o
  CC      drivers/crypto/caam/sm_store.o
  CC      fs/proc/stat.o
  LD      net/bridge/netfilter/built-in.o
  LD      net/bridge/bridge.o
  LD      net/bridge/br_netfilter.o
  LD      net/bridge/built-in.o
  LD      net/can/built-in.o
  CC      net/core/sock.o
  CC      fs/proc/uptime.o
  CC      fs/proc/version.o
  LD      drivers/crypto/caam/caam.o
  LD      drivers/crypto/caam/caam_jr.o
  LD      drivers/crypto/caam/caam_pkc.o
  LD      drivers/crypto/caam/built-in.o
  LD      drivers/crypto/built-in.o
  CC      fs/proc/softirqs.o
  CC      drivers/dma/dmaengine.o
  CC      fs/proc/namespaces.o
  CC      fs/proc/self.o
  CC      net/core/request_sock.o
  CC      drivers/dma/virt-dma.o
  CC      fs/proc/thread_self.o
  CC      drivers/dma/of-dma.o
  CC      fs/proc/proc_sysctl.o
  CC      net/core/skbuff.o
  CC      fs/proc/proc_net.o
  CC      drivers/dma/imx-sdma.o
  CC      drivers/dma/mxs-dma.o
  CC      fs/proc/kmsg.o
  CC      fs/proc/page.o
  CC      drivers/dma/ipu/ipu_irq.o
  CC      drivers/dma/ipu/ipu_idmac.o
  LD      fs/proc/proc.o
  LD      fs/proc/built-in.o
  CC      fs/quota/dquot.o
  CC      net/core/datagram.o
  LD      drivers/dma/ipu/built-in.o
  CC      drivers/dma/pxp/pxp_dma_v2.o
  CC      fs/quota/quota.o
  CC      net/core/stream.o
  CC      fs/quota/kqid.o
  CC      drivers/dma/pxp/pxp_dma_v3.o
  CC      fs/quota/netlink.o
  CC      net/core/scm.o
  LD      fs/quota/built-in.o
  CC      fs/ramfs/inode.o
  CC      fs/ramfs/file-mmu.o
  CC      net/core/gen_stats.o
  LD      fs/ramfs/ramfs.o
  LD      fs/ramfs/built-in.o
  CC      fs/sysfs/file.o
  CC      drivers/dma/pxp/pxp_device.o
  CC      fs/sysfs/dir.o
  CC      net/core/gen_estimator.o
  CC      fs/sysfs/symlink.o
  LD      drivers/dma/pxp/built-in.o
  LD      drivers/dma/qcom/built-in.o
  CC      net/core/net_namespace.o
  LD      drivers/dma/xilinx/built-in.o
  LD      drivers/dma/built-in.o
  CC      drivers/dma-buf/dma-buf.o
  CC      fs/sysfs/mount.o
  CC      fs/sysfs/group.o
  CC      net/core/secure_seq.o
  CC      drivers/dma-buf/fence.o
  LD      fs/sysfs/built-in.o
  CC      net/core/flow_dissector.o
  CC      fs/ubifs/shrinker.o
  CC      drivers/dma-buf/reservation.o
  CC      fs/ubifs/journal.o
  CC      drivers/dma-buf/seqno-fence.o
  CC      net/core/sysctl_net_core.o
  CC      drivers/dma-buf/fence-array.o
  CC      fs/ubifs/file.o
  CC      net/core/dev.o
  LD      drivers/dma-buf/built-in.o
  CC      drivers/extcon/extcon.o
  CC      fs/ubifs/dir.o
  CC      fs/ubifs/super.o
  CC      drivers/extcon/devres.o
  CC      drivers/extcon/extcon-usb-gpio.o
  CC      fs/ubifs/sb.o
  LD      drivers/extcon/extcon-core.o
  LD      drivers/extcon/built-in.o
  LD      drivers/firewire/built-in.o
  CC      drivers/firmware/psci.o
  CC      fs/ubifs/io.o
  LD      drivers/firmware/broadcom/built-in.o
  LD      drivers/firmware/meson/built-in.o
  LD      drivers/firmware/built-in.o
  CC      fs/ubifs/tnc.o
  CC      drivers/gpio/devres.o
  CC      net/core/ethtool.o
  CC      drivers/gpio/gpiolib.o
  CC      fs/ubifs/master.o
  CC      drivers/gpio/gpiolib-legacy.o
  CC      fs/ubifs/scan.o
  CC      net/core/dev_addr_lists.o
  CC      drivers/gpio/gpiolib-of.o
  CC      fs/ubifs/replay.o
  CC      drivers/gpio/gpiolib-sysfs.o
  CC      net/core/dst.o
  CC      fs/ubifs/log.o
  CC      drivers/gpio/gpio-mmio.o
  CC      fs/ubifs/commit.o
  CC      drivers/gpio/gpio-mxc.o
  CC      net/core/netevent.o
  CC      fs/ubifs/gc.o
  LD      drivers/gpio/gpio-generic.o
  LD      drivers/gpio/built-in.o
  LD      drivers/gpu/drm/bridge/built-in.o
  LD      drivers/gpu/drm/hisilicon/built-in.o
  LD      drivers/gpu/drm/i2c/built-in.o
  LD      drivers/gpu/drm/omapdrm/displays/built-in.o
  LD      drivers/gpu/drm/omapdrm/dss/built-in.o
  LD      drivers/gpu/drm/omapdrm/built-in.o
  LD      drivers/gpu/drm/panel/built-in.o
  LD      drivers/gpu/drm/tilcdc/built-in.o
  LD      drivers/gpu/drm/built-in.o
  CC      net/core/neighbour.o
  LD      drivers/gpu/imx/built-in.o
  CC      fs/ubifs/orphan.o
  LD      drivers/gpu/vga/built-in.o
  LD      drivers/gpu/built-in.o
  CC      drivers/hid/hid-core.o
  CC      fs/ubifs/budget.o
  CC      fs/ubifs/find.o
  CC      drivers/hid/hid-input.o
  CC      fs/ubifs/tnc_commit.o
  CC      net/core/rtnetlink.o
  CC      fs/ubifs/compress.o
  CC      drivers/hid/hid-debug.o
  CC      fs/ubifs/lpt.o
  CC      drivers/hid/hidraw.o
  CC      drivers/hid/hid-generic.o
  CC      fs/ubifs/lprops.o
  CC      net/core/utils.o
  CC      drivers/hid/usbhid/hid-core.o
  CC      fs/ubifs/recovery.o
  CC      net/core/link_watch.o
  CC      drivers/hid/usbhid/hid-quirks.o
  CC      fs/ubifs/ioctl.o
  CC      fs/ubifs/lpt_commit.o
  CC      drivers/hid/usbhid/hiddev.o
  CC      net/core/filter.o
  CC      fs/ubifs/tnc_misc.o
  LD      drivers/hid/usbhid/usbhid.o
  LD      drivers/hid/usbhid/built-in.o
  LD      drivers/hid/hid.o
  LD      drivers/hid/built-in.o
  CC      drivers/hwmon/hwmon.o
  CC      fs/ubifs/xattr.o
  CC      net/core/sock_diag.o
  LD      drivers/hwmon/built-in.o
  CC      drivers/hwtracing/coresight/coresight.o
  CC      fs/ubifs/debug.o
  CC      net/core/dev_ioctl.o
  CC      drivers/hwtracing/coresight/coresight-etm-perf.o
  CC      net/core/tso.o
  CC      fs/ubifs/misc.o
  CC      drivers/hwtracing/coresight/of_coresight.o
  LD      fs/ubifs/ubifs.o
  LD      fs/ubifs/built-in.o
  CC      fs/eventpoll.o
  CC      net/core/sock_reuseport.o
  CC      fs/anon_inodes.o
  CC      drivers/hwtracing/coresight/coresight-tmc.o
  CC      fs/signalfd.o
  CC      net/core/flow.o
  CC      drivers/hwtracing/coresight/coresight-tmc-etf.o
  CC      fs/timerfd.o
  CC      drivers/hwtracing/coresight/coresight-tmc-etr.o
  CC      net/core/net-sysfs.o
  CC      fs/eventfd.o
  CC      drivers/hwtracing/coresight/coresight-tpiu.o
  CC      fs/aio.o
  CC      drivers/hwtracing/coresight/coresight-etb10.o
  CC      net/core/net-procfs.o
  CC      drivers/hwtracing/coresight/coresight-funnel.o
  CC      net/core/fib_rules.o
  CC      fs/locks.o
  CC      drivers/hwtracing/coresight/coresight-replicator.o
  CC      drivers/hwtracing/coresight/coresight-etm3x.o
  CC      net/core/ptp_classifier.o
  CC      drivers/hwtracing/coresight/coresight-etm-cp14.o
  CC      fs/binfmt_misc.o
  CC      net/core/dst_cache.o
  CC      fs/binfmt_script.o
  CC      drivers/hwtracing/coresight/coresight-etm3x-sysfs.o
  CC      fs/binfmt_elf.o
  LD      drivers/hwtracing/coresight/built-in.o
  LD      drivers/hwtracing/intel_th/built-in.o
  CC      drivers/i2c/i2c-boardinfo.o
  LD      net/core/built-in.o
  CC      net/dns_resolver/dns_key.o
  CC      drivers/i2c/i2c-core.o
  CC      fs/mbcache.o
  CC      net/dns_resolver/dns_query.o
  CC      fs/posix_acl.o
  LD      net/dns_resolver/dns_resolver.o
  LD      net/dns_resolver/built-in.o
  CC      net/ethernet/eth.o
  CC      fs/coredump.o
  CC      drivers/i2c/i2c-dev.o
  CC      fs/drop_caches.o
  CC      drivers/i2c/i2c-mux.o
  LD      net/ethernet/built-in.o
  CC      fs/fhandle.o
  CC      net/ipv4/route.o
  LD      drivers/i2c/algos/built-in.o
  CC      drivers/i2c/busses/i2c-imx.o
  LD      fs/built-in.o
  LD      drivers/idle/built-in.o
  AS      arch/arm/lib/ashldi3.o
  AS      arch/arm/lib/ashrdi3.o
  AS      arch/arm/lib/backtrace.o
  LD      drivers/i2c/busses/built-in.o
  LD      drivers/i2c/muxes/built-in.o
  AS      arch/arm/lib/bswapsdi2.o
  LD      drivers/i2c/built-in.o
  CC      drivers/iio/industrialio-core.o
  AS      arch/arm/lib/call_with_stack.o
  AS      arch/arm/lib/changebit.o
  AS      arch/arm/lib/clear_user.o
  AS      arch/arm/lib/clearbit.o
  AS      arch/arm/lib/copy_from_user.o
  CC      net/ipv4/inetpeer.o
  AS      arch/arm/lib/copy_page.o
  AS      arch/arm/lib/copy_to_user.o
  AS      arch/arm/lib/csumipv6.o
  AS      arch/arm/lib/csumpartial.o
  CC      drivers/iio/industrialio-event.o
  AS      arch/arm/lib/csumpartialcopy.o
  AS      arch/arm/lib/csumpartialcopyuser.o
  AS      arch/arm/lib/delay-loop.o
  CC      arch/arm/lib/delay.o
  CC      drivers/iio/inkern.o
  AS      arch/arm/lib/div64.o
  CC      net/ipv4/protocol.o
  AS      arch/arm/lib/findbit.o
  AS      arch/arm/lib/getuser.o
  AS      arch/arm/lib/io-readsb.o
  AS      arch/arm/lib/io-readsl.o
  AS      arch/arm/lib/io-readsw-armv4.o
  AS      arch/arm/lib/io-writesb.o
  AS      arch/arm/lib/io-writesl.o
  CC      drivers/iio/industrialio-buffer.o
  AS      arch/arm/lib/io-writesw-armv4.o
  AS      arch/arm/lib/lib1funcs.o
  CC      net/ipv4/ip_input.o
  AS      arch/arm/lib/lshrdi3.o
  AS      arch/arm/lib/memchr.o
  AS      arch/arm/lib/memcpy.o
  AS      arch/arm/lib/memmove.o
  AS      arch/arm/lib/memset.o
  AS      arch/arm/lib/memzero.o
  AS      arch/arm/lib/muldi3.o
  CC      drivers/iio/industrialio-trigger.o
  AS      arch/arm/lib/putuser.o
  CC      net/ipv4/ip_fragment.o
  AS      arch/arm/lib/setbit.o
  AS      arch/arm/lib/strchr.o
  AS      arch/arm/lib/strrchr.o
  AS      arch/arm/lib/testchangebit.o
  AS      arch/arm/lib/testclearbit.o
  AS      arch/arm/lib/testsetbit.o
  AS      arch/arm/lib/ucmpdi2.o
  AR      arch/arm/lib/lib.a
  LD      drivers/iio/accel/built-in.o
  CC      drivers/iio/adc/imx7d_adc.o
  EXPORTS arch/arm/lib/lib-ksyms.o
  LD      arch/arm/lib/built-in.o
  CC      lib/lockref.o
  CC      drivers/iio/adc/vf610_adc.o
  CC      net/ipv4/ip_forward.o
  CC      lib/bcd.o
  LD      drivers/iio/adc/built-in.o
  LD      drivers/iio/amplifiers/built-in.o
  CC      drivers/iio/buffer/industrialio-triggered-buffer.o
  CC      lib/div64.o
  CC      net/ipv4/ip_options.o
  CC      lib/sort.o
  CC      lib/parser.o
  CC      drivers/iio/buffer/kfifo_buf.o
  CC      net/ipv4/ip_output.o
  CC      lib/halfmd4.o
  LD      drivers/iio/buffer/built-in.o
  LD      drivers/iio/chemical/built-in.o
  CC      lib/debug_locks.o
  LD      drivers/iio/common/hid-sensors/built-in.o
  LD      drivers/iio/common/ms_sensors/built-in.o
  LD      drivers/iio/common/ssp_sensors/built-in.o
  LD      drivers/iio/common/st_sensors/built-in.o
  CC      lib/random32.o
  LD      drivers/iio/common/built-in.o
  LD      drivers/iio/dac/built-in.o
  LD      drivers/iio/dummy/built-in.o
  LD      drivers/iio/frequency/built-in.o
  LD      drivers/iio/gyro/built-in.o
  LD      drivers/iio/health/built-in.o
  LD      drivers/iio/humidity/built-in.o
  LD      drivers/iio/imu/bmi160/built-in.o
  CC      lib/bust_spinlocks.o
  LD      drivers/iio/imu/inv_mpu6050/built-in.o
  LD      drivers/iio/imu/built-in.o
  LD      drivers/iio/light/built-in.o
  LD      drivers/iio/magnetometer/built-in.o
  LD      drivers/iio/orientation/built-in.o
  LD      drivers/iio/potentiometer/built-in.o
  LD      drivers/iio/pressure/built-in.o
  LD      drivers/iio/proximity/built-in.o
  LD      drivers/iio/temperature/built-in.o
  CC      lib/kasprintf.o
  LD      drivers/iio/trigger/built-in.o
  LD      drivers/iio/industrialio.o
  LD      drivers/iio/built-in.o
  CC      drivers/input/input.o
  CC      net/ipv4/ip_sockglue.o
  CC      lib/bitmap.o
  CC      lib/scatterlist.o
  CC      drivers/input/input-compat.o
  CC      net/ipv4/inet_hashtables.o
  CC      drivers/input/input-mt.o
  CC      lib/gcd.o
  CC      lib/lcm.o
  CC      drivers/input/ff-core.o
  CC      lib/list_sort.o
  CC      lib/uuid.o
  CC      net/ipv4/inet_timewait_sock.o
  CC      drivers/input/input-polldev.o
  CC      lib/flex_array.o
  CC      drivers/input/matrix-keymap.o
  CC      drivers/input/input-leds.o
  CC      lib/iov_iter.o
  CC      net/ipv4/inet_connection_sock.o
  CC      drivers/input/mousedev.o
  CC      drivers/input/evdev.o
  CC      lib/clz_ctz.o
  CC      lib/bsearch.o
  CC      net/ipv4/tcp.o
  CC      lib/find_bit.o
  CC      drivers/input/keyboard/gpio_keys.o
  CC      lib/llist.o
  CC      drivers/input/keyboard/imx_keypad.o
  CC      lib/memweight.o
  CC      lib/kfifo.o
  CC      drivers/input/keyboard/snvs_pwrkey.o
  LD      drivers/input/keyboard/built-in.o
  LD      drivers/input/mouse/built-in.o
  CC      drivers/input/touchscreen/of_touchscreen.o
  CC      lib/percpu-refcount.o
  CC      drivers/input/touchscreen/ad7879.o
  CC      net/ipv4/tcp_input.o
  CC      lib/percpu_ida.o
  CC      drivers/input/touchscreen/ad7879-i2c.o
  CC      lib/rhashtable.o
  LD      drivers/input/touchscreen/synaptics_dsx/built-in.o
  CC      drivers/input/touchscreen/vtl/vtl_ts.o
  LD      drivers/input/touchscreen/vtl/built-in.o
  LD      drivers/input/touchscreen/built-in.o
  CC      lib/reciprocal_div.o
  LD      drivers/input/input-core.o
  LD      drivers/input/built-in.o
  CC      drivers/irqchip/irqchip.o
  CC      lib/once.o
  CC      drivers/irqchip/irq-gic.o
  CC      lib/string_helpers.o
  CC      drivers/irqchip/irq-gic-common.o
  CC      lib/hexdump.o
  LD      drivers/irqchip/built-in.o
  CC      drivers/leds/led-core.o
  CC      net/ipv4/tcp_output.o
  CC      lib/kstrtox.o
  CC      drivers/leds/led-class.o
  CC      lib/pci_iomap.o
  CC      drivers/leds/led-triggers.o
  CC      lib/iomap_copy.o
  CC      lib/devres.o
  CC      drivers/leds/leds-gpio.o
  CC      net/ipv4/tcp_timer.o
  CC      lib/hweight.o
  CC      drivers/leds/leds-pwm.o
  CC      lib/assoc_array.o
  CC      drivers/leds/trigger/ledtrig-timer.o
  CC      drivers/leds/trigger/ledtrig-oneshot.o
  CC      net/ipv4/tcp_ipv4.o
  CC      lib/bitrev.o
  CC      drivers/leds/trigger/ledtrig-heartbeat.o
  CC      lib/rational.o
  CC      lib/crc-ccitt.o
  CC      drivers/leds/trigger/ledtrig-backlight.o
  CC      lib/crc16.o
  CC      drivers/leds/trigger/ledtrig-gpio.o
  CC      lib/crc-t10dif.o
  LD      drivers/leds/trigger/built-in.o
  LD      drivers/leds/built-in.o
  LD      drivers/lguest/built-in.o
  LD      drivers/macintosh/built-in.o
  LD      drivers/media/common/b2c2/built-in.o
  LD      drivers/media/common/saa7146/built-in.o
  LD      drivers/media/common/siano/built-in.o
  LD      drivers/media/common/v4l2-tpg/built-in.o
  LD      drivers/media/common/built-in.o
  CC      net/ipv4/tcp_minisocks.o
  LD      drivers/media/firewire/built-in.o
  HOSTCC  lib/gen_crc32table
  CC      drivers/media/i2c/soc_camera/ov2640.o
  CC      lib/genalloc.o
  LD      drivers/media/i2c/soc_camera/built-in.o
  LD      drivers/media/i2c/built-in.o
  LD      drivers/media/mmc/siano/built-in.o
  LD      drivers/media/mmc/built-in.o
  LD      drivers/media/pci/b2c2/built-in.o
  LD      drivers/media/pci/ddbridge/built-in.o
  LD      drivers/media/pci/dm1105/built-in.o
  LD      drivers/media/pci/mantis/built-in.o
  LD      drivers/media/pci/netup_unidvb/built-in.o
  LD      drivers/media/pci/ngene/built-in.o
  CC      lib/fonts/fonts.o
  LD      drivers/media/pci/pluto2/built-in.o
  CC      net/ipv4/tcp_cong.o
  LD      drivers/media/pci/pt1/built-in.o
  LD      drivers/media/pci/pt3/built-in.o
  LD      drivers/media/pci/saa7146/built-in.o
  LD      drivers/media/pci/smipcie/built-in.o
  LD      drivers/media/pci/ttpci/built-in.o
  LD      drivers/media/pci/built-in.o
  CC      drivers/media/platform/coda/coda-common.o
  CC      lib/fonts/font_8x8.o
  CC      lib/fonts/font_8x16.o
  LD      lib/fonts/font.o
  LD      lib/fonts/built-in.o
  CC      lib/lz4/lz4_decompress.o
  CC      net/ipv4/tcp_metrics.o
  CC      drivers/media/platform/coda/coda-bit.o
  LD      lib/lz4/built-in.o
  CC      lib/lzo/lzo1x_compress.o
  CC      lib/lzo/lzo1x_decompress_safe.o
  CC      drivers/media/platform/coda/coda-gdi.o
  CC      net/ipv4/tcp_fastopen.o
  LD      lib/lzo/lzo_compress.o
  LD      lib/lzo/lzo_decompress.o
  LD      lib/lzo/built-in.o
  CC      lib/mpi/generic_mpih-lshift.o
  CC      drivers/media/platform/coda/coda-h264.o
  CC      lib/mpi/generic_mpih-mul1.o
  CC      drivers/media/platform/coda/coda-jpeg.o
  CC      lib/mpi/generic_mpih-mul2.o
  CC      net/ipv4/tcp_rate.o
  CC      lib/mpi/generic_mpih-mul3.o
  LD      drivers/media/platform/coda/coda.o
  CC      lib/mpi/generic_mpih-rshift.o
  LD      drivers/media/platform/coda/built-in.o
  LD      drivers/media/platform/omap/built-in.o
  CC      drivers/media/platform/soc_camera/soc_camera.o
  CC      lib/mpi/generic_mpih-sub1.o
  CC      net/ipv4/tcp_recovery.o
  CC      lib/mpi/generic_mpih-add1.o
  CC      lib/mpi/mpicoder.o
  CC      net/ipv4/tcp_offload.o
  CC      drivers/media/platform/soc_camera/soc_mediabus.o
  CC      lib/mpi/mpi-bit.o
  CC      net/ipv4/datagram.o
  LD      drivers/media/platform/soc_camera/built-in.o
  LD      drivers/media/platform/built-in.o
  LD      drivers/media/radio/built-in.o
  LD      drivers/media/rc/keymaps/built-in.o
  LD      drivers/media/rc/built-in.o
  LD      drivers/media/spi/built-in.o
  LD      drivers/media/tuners/built-in.o
  LD      drivers/media/usb/b2c2/built-in.o
  LD      drivers/media/usb/dvb-usb/built-in.o
  CC      lib/mpi/mpi-cmp.o
  LD      drivers/media/usb/dvb-usb-v2/built-in.o
  LD      drivers/media/usb/s2255/built-in.o
  LD      drivers/media/usb/siano/built-in.o
  LD      drivers/media/usb/stkwebcam/built-in.o
  LD      drivers/media/usb/ttusb-budget/built-in.o
  LD      drivers/media/usb/ttusb-dec/built-in.o
  LD      drivers/media/usb/uvc/built-in.o
  LD      drivers/media/usb/zr364xx/built-in.o
  LD      drivers/media/usb/built-in.o
  CC      drivers/media/v4l2-core/v4l2-dev.o
  CC      lib/mpi/mpih-cmp.o
  CC      net/ipv4/raw.o
  CC      lib/mpi/mpih-div.o
  CC      drivers/media/v4l2-core/v4l2-ioctl.o
  CC      lib/mpi/mpih-mul.o
  CC      lib/mpi/mpi-pow.o
  CC      net/ipv4/udp.o
  CC      lib/mpi/mpiutil.o
  CC      drivers/media/v4l2-core/v4l2-device.o
  LD      lib/mpi/mpi.o
  LD      lib/mpi/built-in.o
  CC      lib/zlib_deflate/deflate.o
  CC      drivers/media/v4l2-core/v4l2-fh.o
  CC      lib/zlib_deflate/deftree.o
  CC      drivers/media/v4l2-core/v4l2-event.o
  CC      net/ipv4/udplite.o
  CC      lib/zlib_deflate/deflate_syms.o
  CC      drivers/media/v4l2-core/v4l2-ctrls.o
  LD      lib/zlib_deflate/zlib_deflate.o
  LD      lib/zlib_deflate/built-in.o
  CC      lib/zlib_inflate/inffast.o
  CC      net/ipv4/udp_offload.o
  CC      lib/zlib_inflate/inflate.o
  CC      lib/zlib_inflate/infutil.o
  CC      lib/zlib_inflate/inftrees.o
  CC      lib/zlib_inflate/inflate_syms.o
  CC      net/ipv4/arp.o
  LD      lib/zlib_inflate/zlib_inflate.o
  LD      lib/zlib_inflate/built-in.o
  CC      lib/percpu_counter.o
  CC      drivers/media/v4l2-core/v4l2-subdev.o
  CC      lib/swiotlb.o
  CC      net/ipv4/icmp.o
  CC      drivers/media/v4l2-core/v4l2-clk.o
  CC      drivers/media/v4l2-core/v4l2-async.o
  CC      lib/iommu-helper.o
  CC      drivers/media/v4l2-core/v4l2-of.o
  CC      net/ipv4/devinet.o
  CC      lib/iommu-common.o
  CC      drivers/media/v4l2-core/v4l2-common.o
  CC      lib/syscall.o
  CC      lib/nlattr.o
  CC      drivers/media/v4l2-core/v4l2-dv-timings.o
  CC      net/ipv4/af_inet.o
  CC      drivers/media/v4l2-core/v4l2-mem2mem.o
  CC      lib/cpu_rmap.o
  CC      lib/dynamic_queue_limits.o
  CC      drivers/media/v4l2-core/videobuf-core.o
  CC      lib/strncpy_from_user.o
  CC      net/ipv4/igmp.o
  CC      lib/strnlen_user.o
  CC      drivers/media/v4l2-core/videobuf-dma-contig.o
  CC      lib/net_utils.o
  CC      drivers/media/v4l2-core/videobuf2-core.o
  CC      net/ipv4/fib_frontend.o
  CC      lib/sg_pool.o
  CC      lib/stmp_device.o
  CC      drivers/media/v4l2-core/videobuf2-v4l2.o
  CC      lib/asn1_decoder.o
  GEN     lib/oid_registry_data.c
  CC      lib/sbitmap.o
  CC      drivers/media/v4l2-core/videobuf2-memops.o
  CC      net/ipv4/fib_semantics.o
  CC      lib/argv_split.o
  CC      drivers/media/v4l2-core/videobuf2-vmalloc.o
  CC      lib/bug.o
  CC      lib/chacha20.o
  CC      drivers/media/v4l2-core/videobuf2-dma-contig.o
  CC      lib/clz_tab.o
  CC      net/ipv4/fib_trie.o
  CC      lib/cmdline.o
  CC      lib/cpumask.o
  LD      drivers/media/v4l2-core/videodev.o
  LD      drivers/media/v4l2-core/built-in.o
  CC      lib/ctype.o
  LD      drivers/media/built-in.o
  CC      drivers/mfd/mfd-core.o
  CC      lib/dec_and_lock.o
  CC      lib/decompress.o
  CC      drivers/mfd/rn5t618.o
  CC      lib/decompress_inflate.o
  CC      drivers/mfd/syscon.o
  CC      lib/decompress_unlz4.o
  CC      net/ipv4/inet_fragment.o
  CC      lib/decompress_unlzo.o
  LD      drivers/mfd/built-in.o
  LD      drivers/misc/cb710/built-in.o
  CC      drivers/misc/eeprom/at24.o
  CC      lib/dma-noop.o
  CC      net/ipv4/ping.o
  CC      drivers/misc/eeprom/at25.o
  CC      lib/dump_stack.o
  LD      drivers/misc/eeprom/built-in.o
  LD      drivers/misc/lis3lv02d/built-in.o
  CC      lib/earlycpio.o
  LD      drivers/misc/mic/bus/built-in.o
  LD      drivers/misc/mic/built-in.o
  CC      lib/extable.o
  LD      drivers/misc/ti-st/built-in.o
  CC      drivers/misc/sram.o
  CC      lib/fdt.o
  LD      drivers/misc/built-in.o
  CC      drivers/mmc/core/core.o
  CC      net/ipv4/ip_tunnel_core.o
  CC      lib/fdt_empty_tree.o
  CC      lib/fdt_ro.o
  CC      lib/fdt_rw.o
  CC      lib/fdt_strerror.o
  CC      drivers/mmc/core/bus.o
  CC      net/ipv4/gre_offload.o
  CC      lib/fdt_sw.o
  CC      lib/fdt_wip.o
  CC      lib/flex_proportions.o
  CC      drivers/mmc/core/host.o
  CC      net/ipv4/sysctl_net_ipv4.o
  CC      lib/idr.o
  CC      drivers/mmc/core/mmc.o
  CC      net/ipv4/proc.o
  CC      lib/int_sqrt.o
  CC      lib/ioremap.o
  CC      drivers/mmc/core/mmc_ops.o
  CC      net/ipv4/fib_rules.o
  CC      lib/irq_regs.o
  CC      lib/is_single_threaded.o
  CC      drivers/mmc/core/sd.o
  CC      lib/klist.o
  CC      drivers/mmc/core/sd_ops.o
  CC      net/ipv4/ipconfig.o
  CC      lib/kobject.o
  CC      drivers/mmc/core/sdio.o
  CC      net/ipv4/netfilter.o
  CC      lib/kobject_uevent.o
  CC      drivers/mmc/core/sdio_ops.o
  CC      drivers/mmc/core/sdio_bus.o
  CC      net/ipv4/netfilter/nf_conntrack_l3proto_ipv4.o
  CC      drivers/mmc/core/sdio_cis.o
  CC      lib/md5.o
  CC      lib/nmi_backtrace.o
  CC      drivers/mmc/core/sdio_io.o
  CC      net/ipv4/netfilter/nf_conntrack_proto_icmp.o
  CC      lib/nodemask.o
  CC      lib/plist.o
  CC      lib/radix-tree.o
  CC      drivers/mmc/core/sdio_irq.o
  CC      net/ipv4/netfilter/nf_nat_l3proto_ipv4.o
  CC      drivers/mmc/core/slot-gpio.o
  CC      drivers/mmc/core/pwrseq.o
  CC      lib/ratelimit.o
  CC      drivers/mmc/core/debugfs.o
  CC      drivers/mmc/core/pwrseq_simple.o
  CC      lib/rbtree.o
  CC      net/ipv4/netfilter/nf_nat_proto_icmp.o
  CC      drivers/mmc/core/pwrseq_emmc.o
  CC      lib/seq_buf.o
  CC      drivers/mmc/core/block.o
  CC      net/ipv4/netfilter/nf_defrag_ipv4.o
  CC      lib/sha1.o
  CC      lib/show_mem.o
  CC      lib/string.o
  CC      net/ipv4/netfilter/nf_nat_masquerade_ipv4.o
  CC      drivers/mmc/core/queue.o
  CC      lib/timerqueue.o
  CC      lib/vsprintf.o
  CC      net/ipv4/netfilter/nf_tables_ipv4.o
  LD      drivers/mmc/core/mmc_core.o
  LD      drivers/mmc/core/mmc_block.o
  LD      drivers/mmc/core/built-in.o
  CC      drivers/mmc/host/sdhci.o
  CC      net/ipv4/netfilter/nft_chain_nat_ipv4.o
  CC      lib/win_minmax.o
  CC      net/ipv4/netfilter/nft_masq_ipv4.o
  GEN     lib/crc32table.h
  CC      lib/oid_registry.o
  CC      net/ipv4/netfilter/ip_tables.o
  AR      lib/lib.a
  CC      lib/crc32.o
  CC      drivers/mmc/host/sdhci-pltfm.o
  EXPORTS lib/lib-ksyms.o
  LD      lib/built-in.o
  CC      drivers/mmc/host/sdhci-esdhc-imx.o
  CC      drivers/mtd/mtdcore.o
  CC      net/ipv4/netfilter/iptable_nat.o
  CC      drivers/mmc/host/cqhci.o
  CC      drivers/mtd/mtdsuper.o
  CC      net/ipv4/netfilter/ipt_MASQUERADE.o
  CC      drivers/mtd/mtdconcat.o
  LD      net/ipv4/netfilter/nf_conntrack_ipv4.o
  LD      net/ipv4/netfilter/nf_nat_ipv4.o
  LD      net/ipv4/netfilter/built-in.o
  CC      net/ipv4/inet_diag.o
  LD      drivers/mmc/host/built-in.o
  LD      drivers/mmc/built-in.o
  LD      virt/lib/built-in.o
  LD      virt/built-in.o
  LD      drivers/mxc/sim/built-in.o
  LD      drivers/mxc/built-in.o
  CC      net/ipv4/tcp_diag.o
  CC      drivers/mtd/mtdpart.o
  CC      drivers/net/Space.o
  CC      net/ipv4/tcp_cubic.o
  CC      drivers/net/loopback.o
  CC      drivers/mtd/mtdchar.o
  LD      drivers/net/can/rcar/built-in.o
  LD      drivers/net/can/softing/built-in.o
  LD      drivers/net/can/spi/built-in.o
  CC      net/ipv4/xfrm4_policy.o
  LD      drivers/net/can/usb/built-in.o
  LD      drivers/net/can/built-in.o
  LD      drivers/net/ethernet/amazon/built-in.o
  LD      drivers/net/ethernet/ezchip/built-in.o
  CC      drivers/net/ethernet/freescale/fec_main.o
  CC      drivers/mtd/ofpart.o
  CC      net/ipv4/xfrm4_state.o
  CC      drivers/mtd/cmdlinepart.o
  CC      net/ipv4/xfrm4_input.o
  CC      drivers/mtd/chips/chipreg.o
  CC      drivers/mtd/chips/cfi_util.o
  CC      drivers/net/ethernet/freescale/fec_fixup.o
  CC      drivers/mtd/chips/gen_probe.o
  CC      net/ipv4/xfrm4_output.o
  CC      drivers/mtd/chips/jedec_probe.o
  CC      drivers/net/ethernet/freescale/fec_ptp.o
  LD      drivers/mtd/chips/built-in.o
  CC      net/ipv4/xfrm4_protocol.o
  LD      drivers/mtd/devices/built-in.o
  LD      drivers/mtd/lpddr/built-in.o
  CC      drivers/mtd/maps/physmap_of.o
  LD      drivers/net/ethernet/freescale/fec.o
  LD      drivers/net/ethernet/freescale/built-in.o
  LD      drivers/net/ethernet/microchip/built-in.o
  LD      drivers/net/ethernet/netronome/built-in.o
  LD      drivers/net/ethernet/renesas/built-in.o
  LD      drivers/net/ethernet/synopsys/built-in.o
  LD      drivers/net/ethernet/built-in.o
  LD      drivers/mtd/maps/built-in.o
  CC      drivers/mtd/nand/nand_base.o
  CC      drivers/net/phy/phy.o
  LD      net/ipv4/built-in.o
  CC      net/ipv6/af_inet6.o
  CC      drivers/net/phy/phy_device.o
  CC      drivers/mtd/nand/nand_bbt.o
  CC      net/ipv6/anycast.o
  CC      drivers/mtd/nand/nand_timings.o
  CC      drivers/net/phy/mdio_bus.o
  CC      net/ipv6/ip6_output.o
  CC      drivers/mtd/nand/nand_ecc.o
  CC      drivers/mtd/nand/nand_ids.o
  CC      drivers/mtd/nand/mxc_nand.o
  CC      drivers/net/phy/mdio_device.o
  CC      drivers/mtd/nand/gpmi-nand/gpmi-nand.o
  CC      drivers/net/phy/swphy.o
  CC      net/ipv6/ip6_input.o
  CC      drivers/mtd/nand/gpmi-nand/gpmi-lib.o
  CC      drivers/net/phy/fixed_phy.o
  LD      drivers/mtd/nand/gpmi-nand/gpmi_nand.o
  LD      drivers/mtd/nand/gpmi-nand/built-in.o
  LD      drivers/mtd/nand/nand.o
  LD      drivers/mtd/nand/built-in.o
  LD      drivers/mtd/onenand/built-in.o
  LD      drivers/mtd/tests/built-in.o
  CC      drivers/net/phy/micrel.o
  CC      drivers/mtd/ubi/vtbl.o
  CC      net/ipv6/addrconf.o
  LD      drivers/net/phy/libphy.o
  LD      drivers/net/phy/built-in.o
  LD      drivers/net/ppp/built-in.o
  LD      drivers/net/slip/built-in.o
  LD      drivers/net/usb/built-in.o
  LD      drivers/net/built-in.o
  CC      drivers/mtd/ubi/vmt.o
  LD      net/l2tp/built-in.o
  LD      drivers/nfc/built-in.o
  CC      net/llc/llc_core.o
  CC      drivers/mtd/ubi/upd.o
  CC      net/llc/llc_input.o
  CC      drivers/mtd/ubi/build.o
  CC      net/llc/llc_output.o
  CC      drivers/mtd/ubi/cdev.o
  CC      net/ipv6/addrlabel.o
  LD      net/llc/llc.o
  LD      net/llc/built-in.o
  LD      drivers/nvme/host/built-in.o
  LD      drivers/nvme/target/built-in.o
  LD      drivers/nvme/built-in.o
  LD      net/mac80211/built-in.o
  CC      drivers/mtd/ubi/kapi.o
  CC      drivers/nvmem/core.o
  CC      net/ipv6/route.o
  CC      drivers/mtd/ubi/eba.o
  LD      drivers/nvmem/nvmem_core.o
  LD      drivers/nvmem/built-in.o
  CC      net/netfilter/core.o
  CC      drivers/mtd/ubi/io.o
  CC      net/netfilter/nf_log.o
  CC      drivers/mtd/ubi/wl.o
  CC      net/ipv6/ip6_fib.o
  CC      net/netfilter/nf_queue.o
  CC      drivers/mtd/ubi/attach.o
  CC      net/ipv6/ipv6_sockglue.o
  CC      drivers/mtd/ubi/misc.o
  CC      net/netfilter/nf_sockopt.o
  CC      drivers/mtd/ubi/debug.o
  CC      drivers/mtd/ubi/fastmap.o
  CC      net/netfilter/nfnetlink.o
  CC      net/ipv6/ndisc.o
  LD      drivers/mtd/ubi/ubi.o
  LD      drivers/mtd/ubi/built-in.o
  LD      drivers/mtd/mtd.o
  LD      drivers/mtd/built-in.o
  CC      net/netfilter/nfnetlink_acct.o
  CC      drivers/of/base.o
  CC      net/ipv6/udp.o
  CC      net/netfilter/nf_conntrack_core.o
  CC      drivers/of/device.o
  CC      net/ipv6/udplite.o
  CC      drivers/of/platform.o
  CC      net/ipv6/raw.o
  CC      drivers/of/fdt.o
  CC      net/netfilter/nf_conntrack_standalone.o
  CC      net/ipv6/icmp.o
  CC      drivers/of/fdt_address.o
  CC      drivers/of/address.o
  CC      net/netfilter/nf_conntrack_expect.o
  CC      net/ipv6/mcast.o
  CC      drivers/of/irq.o
  CC      net/netfilter/nf_conntrack_helper.o
  CC      drivers/of/of_net.o
  CC      net/netfilter/nf_conntrack_proto.o
  CC      drivers/of/of_mdio.o
  CC      net/ipv6/reassembly.o
  CC      net/netfilter/nf_conntrack_l3proto_generic.o
  CC      drivers/of/of_reserved_mem.o
  LD      drivers/of/built-in.o
  CC      drivers/perf/arm_pmu.o
  CC      net/ipv6/tcp_ipv6.o
  CC      net/netfilter/nf_conntrack_proto_generic.o
  LD      drivers/perf/built-in.o
  CC      drivers/pinctrl/core.o
  CC      net/netfilter/nf_conntrack_proto_tcp.o
  CC      net/ipv6/ping.o
  CC      drivers/pinctrl/pinctrl-utils.o
  CC      drivers/pinctrl/pinmux.o
  CC      net/ipv6/exthdrs.o
  CC      drivers/pinctrl/pinconf.o
  CC      net/netfilter/nf_conntrack_proto_udp.o
  CC      drivers/pinctrl/devicetree.o
  CC      net/ipv6/datagram.o
  LD      drivers/pinctrl/bcm/built-in.o
  CC      drivers/pinctrl/freescale/pinctrl-imx.o
  CC      net/netfilter/nf_conntrack_extend.o
  CC      drivers/pinctrl/freescale/pinctrl-memmap.o
  CC      net/ipv6/ip6_flowlabel.o
  CC      drivers/pinctrl/freescale/pinctrl-imx7d.o
  LD      drivers/pinctrl/freescale/built-in.o
  LD      drivers/pinctrl/nomadik/built-in.o
  LD      drivers/pinctrl/built-in.o
  LD      drivers/platform/built-in.o
  CC      drivers/power/reset/gpio-poweroff.o
  CC      net/netfilter/nf_conntrack_acct.o
  CC      drivers/power/reset/gpio-restart.o
  CC      drivers/power/reset/syscon-poweroff.o
  CC      net/ipv6/inet6_connection_sock.o
  CC      net/netfilter/nf_conntrack_seqadj.o
  LD      drivers/power/reset/built-in.o
  CC      drivers/power/supply/power_supply_core.o
  CC      drivers/power/supply/power_supply_sysfs.o
  CC      net/ipv6/udp_offload.o
  CC      net/netfilter/nf_nat_core.o
  CC      drivers/power/supply/power_supply_leds.o
  LD      drivers/power/supply/power_supply.o
  LD      drivers/power/supply/built-in.o
  LD      drivers/power/built-in.o
  CC      drivers/pps/pps.o
  CC      net/ipv6/sysctl_net_ipv6.o
  CC      drivers/pps/kapi.o
  CC      net/netfilter/nf_nat_proto_unknown.o
  CC      net/ipv6/xfrm6_policy.o
  CC      net/netfilter/nf_nat_proto_common.o
  CC      drivers/pps/sysfs.o
  LD      drivers/pps/clients/built-in.o
  LD      drivers/pps/generators/built-in.o
  LD      drivers/pps/pps_core.o
  LD      drivers/pps/built-in.o
  CC      drivers/ptp/ptp_clock.o
  CC      net/ipv6/xfrm6_state.o
  CC      drivers/ptp/ptp_chardev.o
  CC      net/netfilter/nf_nat_proto_udp.o
  CC      net/ipv6/xfrm6_input.o
  CC      drivers/ptp/ptp_sysfs.o
  CC      net/netfilter/nf_nat_proto_tcp.o
  LD      drivers/ptp/ptp.o
  LD      drivers/ptp/built-in.o
  CC      drivers/pwm/core.o
  CC      net/ipv6/xfrm6_output.o
  CC      net/netfilter/nf_nat_helper.o
  CC      drivers/pwm/sysfs.o
  CC      net/ipv6/xfrm6_protocol.o
  CC      drivers/pwm/pwm-imx.o
  CC      net/netfilter/nf_tables_core.o
  LD      drivers/pwm/built-in.o
  CC      drivers/regulator/core.o
  CC      net/ipv6/netfilter.o
  CC      net/netfilter/nf_tables_api.o
  CC      net/ipv6/proc.o
  CC      drivers/regulator/dummy.o
  CC      drivers/regulator/fixed-helper.o
  CC      net/ipv6/xfrm6_mode_transport.o
  CC      drivers/regulator/helpers.o
  CC      net/ipv6/xfrm6_mode_tunnel.o
  CC      net/netfilter/nf_tables_trace.o
  CC      drivers/regulator/devres.o
  CC      drivers/regulator/of_regulator.o
  CC      net/ipv6/xfrm6_mode_beet.o
  CC      net/netfilter/nft_immediate.o
  CC      drivers/regulator/fixed.o
  CC      net/ipv6/netfilter/ip6_tables.o
  CC      drivers/regulator/anatop-regulator.o
  CC      net/netfilter/nft_cmp.o
  CC      drivers/regulator/rn5t618-regulator.o
  CC      net/netfilter/nft_range.o
  LD      drivers/regulator/built-in.o
  CC      drivers/reset/core.o
  CC      net/ipv6/netfilter/nf_tables_ipv6.o
  CC      net/netfilter/nft_bitwise.o
  LD      drivers/reset/hisilicon/built-in.o
  CC      drivers/reset/gpio-reset.o
  CC      net/netfilter/nft_byteorder.o
  LD      net/ipv6/netfilter/built-in.o
  CC      net/ipv6/addrconf_core.o
  LD      drivers/reset/built-in.o
  CC      drivers/rpmsg/rpmsg_core.o
  CC      net/netfilter/nft_payload.o
  CC      net/netfilter/nft_lookup.o
  CC      drivers/rpmsg/virtio_rpmsg_bus.o
  CC      net/ipv6/exthdrs_core.o
  CC      net/netfilter/nft_dynset.o
  CC      drivers/rpmsg/imx_rpmsg.o
  CC      net/ipv6/ip6_checksum.o
  CC      net/netfilter/nf_tables_inet.o
  LD      drivers/rpmsg/built-in.o
  CC      drivers/rtc/rtc-lib.o
  CC      net/netfilter/nft_nat.o
  CC      drivers/rtc/hctosys.o
  CC      net/ipv6/ip6_icmp.o
  CC      drivers/rtc/systohc.o
  CC      net/netfilter/nft_masq.o
  CC      drivers/rtc/class.o
  CC      net/ipv6/output_core.o
  CC      net/netfilter/x_tables.o
  CC      drivers/rtc/interface.o
  CC      drivers/rtc/rtc-dev.o
  CC      net/ipv6/protocol.o
  CC      net/netfilter/xt_tcpudp.o
  CC      drivers/rtc/rtc-proc.o
  CC      drivers/rtc/rtc-sysfs.o
  CC      net/ipv6/ip6_offload.o
  CC      net/netfilter/xt_connmark.o
  CC      drivers/rtc/rtc-ds1307.o
  CC      net/ipv6/tcpv6_offload.o
  CC      net/netfilter/xt_nat.o
  CC      net/ipv6/exthdrs_offload.o
  CC      drivers/rtc/rtc-snvs.o
  CC      net/ipv6/inet6_hashtables.o
  CC      net/netfilter/xt_nfacct.o
  LD      drivers/rtc/rtc-core.o
  LD      drivers/rtc/built-in.o
  CC      drivers/scsi/scsi.o
  LD      net/netfilter/netfilter.o
  LD      net/netfilter/nf_conntrack.o
  LD      net/netfilter/nf_nat.o
  LD      net/netfilter/nf_tables.o
  LD      net/netfilter/built-in.o
  CC      net/ipv6/mcast_snoop.o
  CC      net/netlink/af_netlink.o
  CC      drivers/scsi/hosts.o
  LD      net/ipv6/ipv6.o
  LD      net/ipv6/built-in.o
  LD      drivers/soc/bcm/built-in.o
  LD      drivers/soc/fsl/built-in.o
  CC      drivers/soc/imx/mu/mx8_mu.o
  LD      drivers/soc/imx/mu/built-in.o
  LD      drivers/soc/imx/built-in.o
  LD      drivers/soc/built-in.o
  CC      net/packet/af_packet.o
  CC      drivers/scsi/scsi_ioctl.o
  CC      net/netlink/genetlink.o
  CC      drivers/scsi/scsicam.o
  CC      drivers/scsi/scsi_error.o
  LD      net/netlink/built-in.o
  CC      drivers/spi/spi.o
  LD      net/packet/built-in.o
  CC      drivers/scsi/scsi_lib.o
  CC      net/rfkill/core.o
  CC      drivers/spi/spidev.o
  CC      net/rfkill/input.o
  LD      net/rfkill/rfkill.o
  LD      net/rfkill/built-in.o
  CC      drivers/scsi/scsi_common.o
  CC      net/sched/sch_generic.o
  CC      drivers/scsi/scsi_lib_dma.o
  CC      drivers/spi/spi-bitbang.o
  CC      drivers/scsi/scsi_scan.o
  CC      drivers/spi/spi-gpio.o
  CC      net/sched/sch_mq.o
  CC      drivers/spi/spi-imx.o
  CC      drivers/scsi/scsi_sysfs.o
  LD      net/sched/built-in.o
  CC      net/sunrpc/clnt.o
  LD      drivers/spi/built-in.o
  CC      net/unix/af_unix.o
  CC      drivers/scsi/scsi_devinfo.o
  CC      net/sunrpc/xprt.o
  CC      drivers/scsi/scsi_sysctl.o
  CC      drivers/scsi/scsi_trace.o
  CC      drivers/scsi/scsi_logging.o
  CC      net/unix/garbage.o
  CC      net/sunrpc/socklib.o
  CC      drivers/scsi/scsi_pm.o
  CC      net/unix/sysctl_net_unix.o
  CC      net/sunrpc/xprtsock.o
  LD      drivers/scsi/arm/built-in.o
  CC      drivers/scsi/sd.o
  LD      net/unix/unix.o
  LD      net/unix/built-in.o
  CC      drivers/thermal/thermal_core.o
  CC      net/sunrpc/sched.o
  LD      drivers/scsi/scsi_mod.o
  LD      drivers/scsi/sd_mod.o
  LD      drivers/scsi/built-in.o
  CC      net/wireless/wext-core.o
  CC      drivers/thermal/thermal_hwmon.o
  CC      net/sunrpc/auth.o
  CC      drivers/thermal/of-thermal.o
  CC      net/wireless/wext-proc.o
  CC      drivers/thermal/step_wise.o
  LD      net/wireless/built-in.o
  CC      drivers/tty/tty_io.o
  CC      drivers/thermal/cpu_cooling.o
  CC      net/sunrpc/auth_null.o
  CC      net/sunrpc/auth_unix.o
  LD      drivers/thermal/samsung/built-in.o
  CC      drivers/thermal/imx_thermal.o
  CC      drivers/tty/n_tty.o
  CC      drivers/thermal/device_cooling.o
  CC      net/sunrpc/auth_generic.o
  LD      drivers/thermal/thermal_sys.o
  LD      drivers/thermal/built-in.o
  CC      net/xfrm/xfrm_policy.o
  CC      net/sunrpc/svc.o
  CC      drivers/tty/tty_ioctl.o
  CC      net/sunrpc/svcsock.o
  CC      drivers/tty/tty_ldisc.o
  CC      net/xfrm/xfrm_state.o
  CC      drivers/tty/tty_buffer.o
  CC      net/sunrpc/svcauth.o
  CC      drivers/tty/tty_port.o
  CC      net/sunrpc/svcauth_unix.o
  CC      net/xfrm/xfrm_hash.o
  CC      drivers/tty/tty_mutex.o
  CC      net/xfrm/xfrm_input.o
  CC      drivers/tty/tty_ldsem.o
  CC      net/sunrpc/addr.o
  CC      net/xfrm/xfrm_output.o
  CC      drivers/tty/pty.o
  CC      net/sunrpc/rpcb_clnt.o
  LD      drivers/tty/ipwireless/built-in.o
  CC      drivers/tty/serial/serial_core.o
  CC      net/xfrm/xfrm_sysctl.o
  CC      net/xfrm/xfrm_replay.o
  CC      net/sunrpc/timer.o
  LD      net/xfrm/built-in.o
  CC      net/sysctl_net.o
  CC      drivers/tty/serial/earlycon.o
  CC      net/sunrpc/xdr.o
  CC      drivers/tty/serial/imx.o
  CC      drivers/usb/chipidea/core.o
  CC      drivers/tty/serial/serial_mctrl_gpio.o
  CC      net/sunrpc/sunrpc_syms.o
  LD      drivers/tty/serial/built-in.o
  CC      drivers/tty/vt/vt_ioctl.o
  CC      drivers/usb/chipidea/otg.o
  CC      net/sunrpc/cache.o
  CC      drivers/usb/chipidea/debug.o
  CC      drivers/tty/vt/vc_screen.o
  CC      drivers/usb/chipidea/udc.o
  CC      drivers/tty/vt/selection.o
  CC      drivers/tty/vt/keyboard.o
  CC      net/sunrpc/rpc_pipe.o
  CC      drivers/usb/chipidea/host.o
  CC      drivers/tty/vt/consolemap.o
  CC      drivers/usb/chipidea/ci_hdrc_usb2.o
  CC      drivers/usb/chipidea/ci_hdrc_msm.o
  CC      net/sunrpc/svc_xprt.o
  CONMK   drivers/tty/vt/consolemap_deftbl.c
  CC      drivers/tty/vt/vt.o
  CC      drivers/usb/chipidea/ci_hdrc_zevio.o
  CC      drivers/usb/chipidea/usbmisc_imx.o
  CC      net/sunrpc/xprtmultipath.o
  CC      drivers/usb/chipidea/ci_hdrc_imx.o
  SHIPPED drivers/tty/vt/defkeymap.c
  CC      drivers/tty/vt/consolemap_deftbl.o
  LD      drivers/usb/chipidea/ci_hdrc.o
  LD      drivers/usb/chipidea/built-in.o
  CC      drivers/tty/vt/defkeymap.o
  LD      drivers/usb/class/built-in.o
  CC      drivers/usb/common/common.o
  CC      net/sunrpc/backchannel_rqst.o
  LD      drivers/tty/vt/built-in.o
  LD      drivers/tty/built-in.o
  CC      drivers/usb/core/usb.o
  LD      drivers/usb/common/usb-common.o
  LD      drivers/usb/common/built-in.o
  LD      drivers/usb/gadget/function/built-in.o
  LD      drivers/usb/gadget/legacy/built-in.o
  CC      drivers/usb/gadget/udc/core.o
  CC      drivers/usb/core/hub.o
  CC      net/sunrpc/stats.o
  CC      drivers/usb/gadget/udc/trace.o
  LD      drivers/usb/gadget/udc/udc-core.o
  LD      drivers/usb/gadget/udc/built-in.o
  LD      drivers/usb/gadget/built-in.o
  CC      drivers/video/backlight/backlight.o
  CC      net/sunrpc/sysctl.o
  CC      drivers/usb/core/hcd.o
  CC      drivers/video/backlight/pwm_bl.o
  CC      net/sunrpc/auth_gss/auth_gss.o
  LD      drivers/video/backlight/built-in.o
  CC      drivers/video/console/dummycon.o
  CC      drivers/usb/core/urb.o
  CC      net/sunrpc/auth_gss/gss_generic_token.o
  CC      drivers/video/console/fbcon.o
  CC      drivers/usb/core/message.o
  CC      net/sunrpc/auth_gss/gss_mech_switch.o
  CC      drivers/usb/core/driver.o
  CC      drivers/usb/core/config.o
  CC      drivers/video/console/bitblit.o
  CC      net/sunrpc/auth_gss/svcauth_gss.o
  CC      drivers/usb/core/file.o
  CC      drivers/video/console/softcursor.o
  CC      drivers/usb/core/buffer.o
  CC      net/sunrpc/auth_gss/gss_rpc_upcall.o
  LD      drivers/video/console/built-in.o
  CC      drivers/video/fbdev/core/fb_cmdline.o
  CC      drivers/usb/core/sysfs.o
  CC      net/sunrpc/auth_gss/gss_rpc_xdr.o
  CC      drivers/usb/core/endpoint.o
  CC      drivers/video/fbdev/core/fb_notify.o
  CC      drivers/usb/core/devio.o
  CC      drivers/video/fbdev/core/fbmem.o
  CC      net/sunrpc/auth_gss/gss_krb5_mech.o
  CC      net/sunrpc/auth_gss/gss_krb5_seal.o
  CC      drivers/video/fbdev/core/fbmon.o
  CC      drivers/usb/core/notify.o
  CC      net/sunrpc/auth_gss/gss_krb5_unseal.o
  CC      drivers/usb/core/generic.o
  CC      net/sunrpc/auth_gss/gss_krb5_seqnum.o
  CC      net/sunrpc/auth_gss/gss_krb5_wrap.o
  CC      drivers/video/fbdev/core/fbcmap.o
  CC      drivers/usb/core/quirks.o
  CC      net/sunrpc/auth_gss/gss_krb5_crypto.o
  CC      drivers/usb/core/devices.o
  CC      drivers/video/fbdev/core/fbsysfs.o
  CC      net/sunrpc/auth_gss/gss_krb5_keys.o
  CC      drivers/video/fbdev/core/modedb.o
  CC      drivers/usb/core/port.o
  LD      net/sunrpc/auth_gss/auth_rpcgss.o
  LD      net/sunrpc/auth_gss/rpcsec_gss_krb5.o
  LD      net/sunrpc/auth_gss/built-in.o
  LD      net/sunrpc/sunrpc.o
  LD      net/sunrpc/built-in.o
  CC      drivers/usb/core/of.o
  LD      net/built-in.o
  CC      drivers/virtio/virtio.o
  CC      drivers/video/fbdev/core/fbcvt.o
  LD      drivers/usb/core/usbcore.o
  CC      drivers/video/fbdev/core/cfbfillrect.o
  LD      drivers/usb/core/built-in.o
  CC      drivers/usb/host/ehci-hcd.o
  CC      drivers/virtio/virtio_ring.o
  CC      drivers/video/fbdev/core/cfbcopyarea.o
  CC      drivers/video/fbdev/core/cfbimgblt.o
  LD      drivers/virtio/built-in.o
  CC      drivers/video/fbdev/mxc/mxc_dispdrv.o
  LD      drivers/video/fbdev/core/fb.o
  LD      drivers/video/fbdev/core/built-in.o
  CC      drivers/watchdog/watchdog_core.o
  LD      drivers/video/fbdev/mxc/built-in.o
  CC      drivers/usb/host/ehci-mxc.o
  LD      drivers/video/fbdev/omap2/omapfb/displays/built-in.o
  LD      drivers/video/fbdev/omap2/omapfb/dss/built-in.o
  LD      drivers/video/fbdev/omap2/omapfb/built-in.o
  LD      drivers/video/fbdev/omap2/built-in.o
  CC      drivers/video/fbdev/mxsfb.o
  LD      drivers/usb/host/built-in.o
  LD      drivers/usb/misc/built-in.o
  CC      drivers/usb/phy/phy.o
  CC      drivers/watchdog/watchdog_dev.o
  LD      drivers/video/fbdev/built-in.o
  CC      drivers/video/logo/logo.o
  CC      drivers/usb/phy/of.o
  CC      drivers/watchdog/rn5t618_wdt.o
  CC      drivers/usb/phy/phy-generic.o
  LOGO    drivers/video/logo/logo_linux_mono.c
  LOGO    drivers/video/logo/logo_linux_vga16.c
  LOGO    drivers/video/logo/logo_linux_clut224.c
  LOGO    drivers/video/logo/logo_superh_mono.c
  LOGO    drivers/video/logo/logo_superh_vga16.c
  LOGO    drivers/video/logo/clut_vga16.c
  LOGO    drivers/video/logo/logo_blackfin_vga16.c
  LOGO    drivers/video/logo/logo_spe_clut224.c
  LOGO    drivers/video/logo/logo_mac_clut224.c
  LOGO    drivers/video/logo/logo_superh_clut224.c
  LOGO    drivers/video/logo/logo_sun_clut224.c
  CC      drivers/watchdog/imx2_wdt.o
  LOGO    drivers/video/logo/logo_parisc_clut224.c
  LOGO    drivers/video/logo/logo_blackfin_clut224.c
  LOGO    drivers/video/logo/logo_dec_clut224.c
  LOGO    drivers/video/logo/logo_m32r_clut224.c
  LOGO    drivers/video/logo/logo_sgi_clut224.c
  CC      drivers/video/logo/logo_linux_mono.o
  CC      drivers/video/logo/logo_linux_vga16.o
  CC      drivers/video/logo/logo_linux_clut224.o
  LD      drivers/watchdog/watchdog.o
  LD      drivers/watchdog/built-in.o
  LD      drivers/video/logo/built-in.o
  CC      drivers/usb/serial/usb-serial.o
  CC      drivers/video/display_timing.o
  CC      drivers/usb/phy/phy-mxs-usb.o
  CC      drivers/video/videomode.o
  LD      drivers/usb/phy/built-in.o
  CC      drivers/video/of_display_timing.o
  CC      drivers/usb/serial/generic.o
  CC      drivers/usb/storage/scsiglue.o
  CC      drivers/video/of_videomode.o
  CC      drivers/usb/serial/bus.o
  LD      drivers/video/built-in.o
  CC      drivers/usb/storage/protocol.o
  CC      drivers/usb/serial/console.o
  CC      drivers/usb/serial/ftdi_sio.o
  CC      drivers/usb/serial/pl2303.o
  CC      drivers/usb/storage/transport.o
  CC      drivers/usb/storage/usb.o
  LD      drivers/usb/serial/usbserial.o
  LD      drivers/usb/serial/built-in.o
  CC      drivers/usb/storage/initializers.o
  CC      drivers/usb/storage/sierra_ms.o
  CC      drivers/usb/storage/option_ms.o
  CC      drivers/usb/storage/usual-tables.o
  LD      drivers/usb/storage/usb-storage.o
  LD      drivers/usb/storage/built-in.o
  LD      drivers/usb/built-in.o
  LD      drivers/built-in.o
  LD      vmlinux.o
  MODPOST vmlinux.o
  GEN     .version
  CHK     include/generated/compile.h
  UPD     include/generated/compile.h
  CC      init/version.o
  LD      init/built-in.o
  KSYM    .tmp_kallsyms1.o
  KSYM    .tmp_kallsyms2.o
  LD      vmlinux
  SORTEX  vmlinux
  SYSMAP  System.map
  OBJCOPY arch/arm/boot/Image
  Kernel: arch/arm/boot/Image is ready
  LDS     arch/arm/boot/compressed/vmlinux.lds
  AS      arch/arm/boot/compressed/head.o
  LZO     arch/arm/boot/compressed/piggy_data
  CC      arch/arm/boot/compressed/misc.o
  CC      arch/arm/boot/compressed/decompress.o
  CC      arch/arm/boot/compressed/string.o
  SHIPPED arch/arm/boot/compressed/hyp-stub.S
  SHIPPED arch/arm/boot/compressed/lib1funcs.S
  SHIPPED arch/arm/boot/compressed/ashldi3.S
  SHIPPED arch/arm/boot/compressed/bswapsdi2.S
  AS      arch/arm/boot/compressed/hyp-stub.o
  AS      arch/arm/boot/compressed/lib1funcs.o
  AS      arch/arm/boot/compressed/ashldi3.o
  AS      arch/arm/boot/compressed/bswapsdi2.o
  AS      arch/arm/boot/compressed/piggy.o
  LD      arch/arm/boot/compressed/vmlinux
  OBJCOPY arch/arm/boot/zImage
  Kernel: arch/arm/boot/zImage is ready
